#
# A fatal error has been detected by the Java Runtime Environment:
#
#  SIGSEGV (0xb) at pc=0x00007f6c84088fab, pid=17124, tid=17159
#
# JRE version: OpenJDK Runtime Environment (11.0.3+7) (build 11.0.3+7-Ubuntu-1ubuntu218.10.1)
# Java VM: OpenJDK 64-Bit Server VM (11.0.3+7-Ubuntu-1ubuntu218.10.1, mixed mode, sharing, tiered, compressed oops, g1 gc, linux-amd64)
# Problematic frame:
# V  [libjvm.so+0x734fab]
#
# Core dump will be written. Default location: Core dumps may be processed with "/usr/share/apport/apport %p %s %c %d %P" (or dumping to /home/admin1/IdeaProjects/kafkaexecute/core.17124)
#
# If you would like to submit a bug report, please visit:
#   http://bugreport.java.com/bugreport/crash.jsp
#

---------------  S U M M A R Y ------------

Command Line: -javaagent:/opt/idea/lib/idea_rt.jar=34879:/opt/idea/bin -Dfile.encoding=UTF-8 Consumer

Host: Intel(R) Core(TM) i5-4590 CPU @ 3.30GHz, 4 cores, 7G, Ubuntu 18.10
Time: Wed Jul 17 17:03:28 2019 IST elapsed time: 16 seconds (0d 0h 0m 16s)

---------------  T H R E A D  ---------------

Current thread (0x00007f6c44001000):  GCTaskThread "GC Thread#1" [stack: 0x00007f6c4e11c000,0x00007f6c4e21c000] [id=17159]

Stack: [0x00007f6c4e11c000,0x00007f6c4e21c000],  sp=0x00007f6c4e21ab00,  free space=1018k
Native frames: (J=compiled Java code, A=aot compiled Java code, j=interpreted, Vv=VM code, C=native code)
V  [libjvm.so+0x734fab]
V  [libjvm.so+0x732b31]
V  [libjvm.so+0x733518]
V  [libjvm.so+0x6f6f00]
V  [libjvm.so+0x6fc866]
V  [libjvm.so+0xd3ff7d]
V  [libjvm.so+0xcb7c34]
V  [libjvm.so+0xb2a96e]


siginfo: si_signo: 11 (SIGSEGV), si_code: 1 (SEGV_MAPERR), si_addr: 0x00000000000000f8

Register to memory mapping:

RAX=0x0 is NULL
RBX=0x0000000085fcdf84 is pointing into object: scala.reflect.internal.Names$TermName_S 
{0x0000000085fcdf78} - klass: 'scala/reflect/internal/Names$TermName_S'
RCX=0x00007f6c7c03d2c0 points into unknown readable memory: 00 40 9e 82 6c 7f 00 00
RDX=0x0000000000000810 is an unknown value
RSP=0x00007f6c4e21ab00 points into unknown readable memory: 88 ab 21 4e 6c 7f 00 00
RBP=0x00007f6c4e21ab50 points into unknown readable memory: d0 ab 21 4e 6c 7f 00 00
RSI=0x00007f6c7c0247a0 points into unknown readable memory: 80 8d 9c 84 6c 7f 00 00
RDI=0x0 is NULL
R8 =0x00000008407e7ff0 is pointing into metadata
R9 =0x00007f6c18008710 points into unknown readable memory: f0 2c 92 84 6c 7f 00 00
R10=0x0000000000000004 is an unknown value
R11=0x0000000000000002 is an unknown value
R12=0x0 is NULL
R13=0x0000000085fcdf84 is pointing into object: scala.reflect.internal.Names$TermName_S 
{0x0000000085fcdf78} - klass: 'scala/reflect/internal/Names$TermName_S'
R14=0x00007f6c18008880 points into unknown readable memory: b0 2c 92 84 6c 7f 00 00
R15=0x00000008407e7ff0 is pointing into metadata


Registers:
RAX=0x0000000000000000, RBX=0x0000000085fcdf84, RCX=0x00007f6c7c03d2c0, RDX=0x0000000000000810
RSP=0x00007f6c4e21ab00, RBP=0x00007f6c4e21ab50, RSI=0x00007f6c7c0247a0, RDI=0x0000000000000000
R8 =0x00000008407e7ff0, R9 =0x00007f6c18008710, R10=0x0000000000000004, R11=0x0000000000000002
R12=0x0000000000000000, R13=0x0000000085fcdf84, R14=0x00007f6c18008880, R15=0x00000008407e7ff0
RIP=0x00007f6c84088fab, EFLAGS=0x0000000000010202, CSGSFS=0x002b000000000033, ERR=0x0000000000000004
  TRAPNO=0x000000000000000e

Top of Stack: (sp=0x00007f6c4e21ab00)
0x00007f6c4e21ab00:   00007f6c4e21ab88 00007f6c7c084a50
0x00007f6c4e21ab10:   00007f6c4e21ab60 0000000085fcdf78
0x00007f6c4e21ab20:   00007f6c7c084ac8 00000000874aa7a8
0x00007f6c4e21ab30:   0000000085fcdf78 00007f6c18008880 

Instructions: (pc=0x00007f6c84088fab)
0x00007f6c84088f8b:   e1 02 75 89 4d 8b 4e 18 49 8b 71 08 8b 8e c0 02
0x00007f6c84088f9b:   00 00 48 d3 e8 48 8b 8e b0 02 00 00 48 8b 04 c1
0x00007f6c84088fab:   48 8b 80 f8 00 00 00 8b 80 18 01 00 00 85 c0 0f
0x00007f6c84088fbb:   84 58 ff ff ff 49 8b 79 50 48 89 d9 4c 89 45 c0 

Stack slot to memory mapping:
stack at sp + 0 slots: 0x00007f6c4e21ab88 points into unknown readable memory: 01 40 00 00 00 00 00 00
stack at sp + 1 slots: 0x00007f6c7c084a50 points into unknown readable memory: c0 a0 9c 84 6c 7f 00 00
stack at sp + 2 slots: 0x00007f6c4e21ab60 points into unknown readable memory: c0 ab 21 4e 6c 7f 00 00
stack at sp + 3 slots: 0x0000000085fcdf78 is an oop: scala.reflect.internal.Names$TermName_S 
{0x0000000085fcdf78} - klass: 'scala/reflect/internal/Names$TermName_S'
stack at sp + 4 slots: 0x00007f6c7c084ac8 points into unknown readable memory: 00 00 00 00 00 00 00 00
stack at sp + 5 slots: 0x00000000874aa7a8 is an oop: scala.reflect.internal.Names$TermName_S 
{0x00000000874aa7a8} - klass: 'scala/reflect/internal/Names$TermName_S'
stack at sp + 6 slots: 0x0000000085fcdf78 is an oop: scala.reflect.internal.Names$TermName_S 
{0x0000000085fcdf78} - klass: 'scala/reflect/internal/Names$TermName_S'
stack at sp + 7 slots: 0x00007f6c18008880 points into unknown readable memory: b0 2c 92 84 6c 7f 00 00


---------------  P R O C E S S  ---------------

Threads class SMR info:
_java_thread_list=0x00007f6c08007540, length=56, elements={
0x00007f6c7c016000, 0x00007f6c7c173000, 0x00007f6c7c175000, 0x00007f6c7c17a800,
0x00007f6c7c17d000, 0x00007f6c7c17f000, 0x00007f6c7c181000, 0x00007f6c7c18e800,
0x00007f6c7c61e800, 0x00007f6c7c888800, 0x00007f6c34001000, 0x00007f6c7e09d800,
0x00007f6c7e1b4000, 0x00007f6c7e1b6000, 0x00007f6c7e1b7000, 0x00007f6c7e1b8800,
0x00007f6c7d2f2000, 0x00007f6c7d328000, 0x00007f6c7d339000, 0x00007f6c7d32d800,
0x00007f6c7d324000, 0x00007f6c7d32f800, 0x00007f6c7d331800, 0x00007f6c7d333800,
0x00007f6c7d335800, 0x00007f6c7cfa9000, 0x00007f6c7d09a000, 0x00007f6c7d09b000,
0x00007f6c7d09d000, 0x00007f6c7d09e800, 0x00007f6c7d0a0800, 0x00007f6c7d0a2800,
0x00007f6c7d0a4800, 0x00007f6c7d0a6800, 0x00007f6c08002800, 0x00007f6c7d5b3000,
0x00007f6c7d5b4800, 0x00007f6c0c00e000, 0x00007f6c7d5eb000, 0x00007f6c7d644800,
0x00007f6c7d661800, 0x00007f6c7d78b000, 0x00007f6c7d78f800, 0x00007f6c7d5b9800,
0x00007f6c7d79b800, 0x00007f6c38058000, 0x00007f6c7d82a000, 0x00007f6c4400a000,
0x00007f6c44017800, 0x00007f6c44082000, 0x00007f6c500e8800, 0x00007f6c440b3000,
0x00007f6c54030000, 0x00007f6c7e469000, 0x00007f6c00021000, 0x00007f6c08006000
}

Java Threads: ( => current thread )
  0x00007f6c7c016000 JavaThread "main" [_thread_blocked, id=17129, stack(0x00007f6c83521000,0x00007f6c83622000)]
  0x00007f6c7c173000 JavaThread "Reference Handler" daemon [_thread_blocked, id=17139, stack(0x00007f6c64198000,0x00007f6c64299000)]
  0x00007f6c7c175000 JavaThread "Finalizer" daemon [_thread_blocked, id=17141, stack(0x00007f6c64097000,0x00007f6c64198000)]
  0x00007f6c7c17a800 JavaThread "Signal Dispatcher" daemon [_thread_blocked, id=17143, stack(0x00007f6c5c01f000,0x00007f6c5c120000)]
  0x00007f6c7c17d000 JavaThread "C2 CompilerThread0" daemon [_thread_blocked, id=17144, stack(0x00007f6c4e924000,0x00007f6c4ea25000)]
  0x00007f6c7c17f000 JavaThread "C1 CompilerThread0" daemon [_thread_blocked, id=17145, stack(0x00007f6c4e823000,0x00007f6c4e924000)]
  0x00007f6c7c181000 JavaThread "Sweeper thread" daemon [_thread_blocked, id=17146, stack(0x00007f6c4e722000,0x00007f6c4e823000)]
  0x00007f6c7c18e800 JavaThread "Common-Cleaner" daemon [_thread_blocked, id=17151, stack(0x00007f6c4e621000,0x00007f6c4e722000)]
  0x00007f6c7c61e800 JavaThread "Monitor Ctrl-Break" daemon [_thread_in_native, id=17156, stack(0x00007f6c4e41f000,0x00007f6c4e520000)]
  0x00007f6c7c888800 JavaThread "Service Thread" daemon [_thread_blocked, id=17157, stack(0x00007f6c4e31e000,0x00007f6c4e41f000)]
  0x00007f6c34001000 JavaThread "Attach Listener" daemon [_thread_blocked, id=17172, stack(0x00007f6c4db13000,0x00007f6c4dc14000)]
  0x00007f6c7e09d800 JavaThread "process reaper" daemon [_thread_blocked, id=17202, stack(0x00007f6c6403a000,0x00007f6c6405c000)]
  0x00007f6c7e1b4000 JavaThread "dispatcher-event-loop-0" daemon [_thread_blocked, id=17204, stack(0x00007f6c4e520000,0x00007f6c4e621000)]
  0x00007f6c7e1b6000 JavaThread "dispatcher-event-loop-1" daemon [_thread_blocked, id=17205, stack(0x00007f6c4d412000,0x00007f6c4d513000)]
  0x00007f6c7e1b7000 JavaThread "dispatcher-event-loop-2" daemon [_thread_blocked, id=17206, stack(0x00007f6c4d311000,0x00007f6c4d412000)]
  0x00007f6c7e1b8800 JavaThread "dispatcher-event-loop-3" daemon [_thread_blocked, id=17207, stack(0x00007f6c4d210000,0x00007f6c4d311000)]
  0x00007f6c7d2f2000 JavaThread "rpc-server-3-1" daemon [_thread_in_native, id=17208, stack(0x00007f6c4cf0f000,0x00007f6c4d010000)]
  0x00007f6c7d328000 JavaThread "map-output-dispatcher-0" daemon [_thread_blocked, id=17209, stack(0x00007f6c4cc0e000,0x00007f6c4cd0f000)]
  0x00007f6c7d339000 JavaThread "map-output-dispatcher-1" daemon [_thread_blocked, id=17210, stack(0x00007f6c4cb0d000,0x00007f6c4cc0e000)]
  0x00007f6c7d32d800 JavaThread "map-output-dispatcher-2" daemon [_thread_blocked, id=17211, stack(0x00007f6c4ca0c000,0x00007f6c4cb0d000)]
  0x00007f6c7d324000 JavaThread "map-output-dispatcher-3" daemon [_thread_blocked, id=17212, stack(0x00007f6c4c90b000,0x00007f6c4ca0c000)]
  0x00007f6c7d32f800 JavaThread "map-output-dispatcher-4" daemon [_thread_blocked, id=17213, stack(0x00007f6c4c80a000,0x00007f6c4c90b000)]
  0x00007f6c7d331800 JavaThread "map-output-dispatcher-5" daemon [_thread_blocked, id=17214, stack(0x00007f6c4c709000,0x00007f6c4c80a000)]
  0x00007f6c7d333800 JavaThread "map-output-dispatcher-6" daemon [_thread_blocked, id=17215, stack(0x00007f6c4c608000,0x00007f6c4c709000)]
  0x00007f6c7d335800 JavaThread "map-output-dispatcher-7" daemon [_thread_blocked, id=17216, stack(0x00007f6c4c507000,0x00007f6c4c608000)]
  0x00007f6c7cfa9000 JavaThread "RemoteBlock-temp-file-clean-thread" daemon [_thread_blocked, id=17217, stack(0x00007f6c4c406000,0x00007f6c4c507000)]
  0x00007f6c7d09a000 JavaThread "SparkUI-32" daemon [_thread_in_native, id=17218, stack(0x00007f6c4c105000,0x00007f6c4c206000)]
  0x00007f6c7d09b000 JavaThread "SparkUI-33" daemon [_thread_in_native, id=17219, stack(0x00007f6c4c004000,0x00007f6c4c105000)]
  0x00007f6c7d09d000 JavaThread "SparkUI-34-acceptor-0@5c5184a2-ServerConnector@52966158{HTTP/1.1,[http/1.1]}{0.0.0.0:4040}" daemon [_thread_in_native, id=17220, stack(0x00007f6be3eff000,0x00007f6be4000000)]
  0x00007f6c7d09e800 JavaThread "SparkUI-35" daemon [_thread_blocked, id=17221, stack(0x00007f6be3dfe000,0x00007f6be3eff000)]
  0x00007f6c7d0a0800 JavaThread "SparkUI-36" daemon [_thread_blocked, id=17222, stack(0x00007f6be3cfd000,0x00007f6be3dfe000)]
  0x00007f6c7d0a2800 JavaThread "SparkUI-37" daemon [_thread_blocked, id=17223, stack(0x00007f6be3bfc000,0x00007f6be3cfd000)]
  0x00007f6c7d0a4800 JavaThread "SparkUI-38" daemon [_thread_blocked, id=17224, stack(0x00007f6be3afb000,0x00007f6be3bfc000)]
  0x00007f6c7d0a6800 JavaThread "SparkUI-39" daemon [_thread_blocked, id=17225, stack(0x00007f6be39fa000,0x00007f6be3afb000)]
  0x00007f6c08002800 JavaThread "heartbeat-receiver-event-loop-thread" daemon [_thread_blocked, id=17226, stack(0x00007f6be38f9000,0x00007f6be39fa000)]
  0x00007f6c7d5b3000 JavaThread "Timer-0" daemon [_thread_blocked, id=17227, stack(0x00007f6be35f8000,0x00007f6be36f9000)]
  0x00007f6c7d5b4800 JavaThread "Timer-1" daemon [_thread_blocked, id=17228, stack(0x00007f6be34f7000,0x00007f6be35f8000)]
  0x00007f6c0c00e000 JavaThread "netty-rpc-env-timeout" daemon [_thread_blocked, id=17229, stack(0x00007f6be33f6000,0x00007f6be34f7000)]
  0x00007f6c7d5eb000 JavaThread "dag-scheduler-event-loop" daemon [_thread_blocked, id=17230, stack(0x00007f6be32f5000,0x00007f6be33f6000)]
  0x00007f6c7d644800 JavaThread "driver-heartbeater" daemon [_thread_blocked, id=17231, stack(0x00007f6be2ff4000,0x00007f6be30f5000)]
  0x00007f6c7d661800 JavaThread "shuffle-server-5-1" daemon [_thread_in_native, id=17232, stack(0x00007f6be2ef3000,0x00007f6be2ff4000)]
  0x00007f6c7d78b000 JavaThread "Spark Context Cleaner" daemon [_thread_blocked, id=17233, stack(0x00007f6be2bf2000,0x00007f6be2cf3000)]
  0x00007f6c7d78f800 JavaThread "context-cleaner-periodic-gc" daemon [_thread_blocked, id=17234, stack(0x00007f6be2af1000,0x00007f6be2bf2000)]
  0x00007f6c7d5b9800 JavaThread "spark-listener-group-appStatus" daemon [_thread_blocked, id=17235, stack(0x00007f6be29f0000,0x00007f6be2af1000)]
  0x00007f6c7d79b800 JavaThread "spark-listener-group-executorManagement" daemon [_thread_blocked, id=17236, stack(0x00007f6be28ef000,0x00007f6be29f0000)]
  0x00007f6c38058000 JavaThread "element-tracking-store-worker" daemon [_thread_blocked, id=17237, stack(0x00007f6be27ee000,0x00007f6be28ef000)]
  0x00007f6c7d82a000 JavaThread "spark-listener-group-shared" daemon [_thread_blocked, id=17238, stack(0x00007f6be24ed000,0x00007f6be25ee000)]
  0x00007f6c4400a000 JavaThread "JobScheduler" daemon [_thread_blocked, id=17241, stack(0x00007f6be20eb000,0x00007f6be21ec000)]
  0x00007f6c44017800 JavaThread "JobGenerator" daemon [_thread_blocked, id=17242, stack(0x00007f6be1fea000,0x00007f6be20eb000)]
  0x00007f6c44082000 JavaThread "scala-execution-context-global-56" daemon [_thread_blocked, id=17243, stack(0x00007f6be1ce9000,0x00007f6be1dea000)]
  0x00007f6c500e8800 JavaThread "kafka-coordinator-heartbeat-thread | group4" daemon [_thread_blocked, id=17244, stack(0x00007f6be198d000,0x00007f6be1a8e000)]
  0x00007f6c440b3000 JavaThread "RecurringTimer - JobGenerator" daemon [_thread_blocked, id=17246, stack(0x00007f6be1be8000,0x00007f6be1ce9000)]
  0x00007f6c54030000 JavaThread "streaming-job-executor-0" daemon [_thread_blocked, id=17250, stack(0x00007f6be21ec000,0x00007f6be22ed000)]
  0x00007f6c7e469000 JavaThread "spark-listener-group-streams" daemon [_thread_blocked, id=17251, stack(0x00007f6be1ae7000,0x00007f6be1be8000)]
  0x00007f6c00021000 JavaThread "Executor task launch worker for task 0" daemon [_thread_blocked, id=17253, stack(0x00007f6be188c000,0x00007f6be198d000)]
  0x00007f6c08006000 JavaThread "task-result-getter-0" daemon [_thread_blocked, id=17254, stack(0x00007f6bdf127000,0x00007f6bdf228000)]

Other Threads:
  0x00007f6c7c170800 VMThread "VM Thread" [stack: 0x00007f6c6429b000,0x00007f6c6439b000] [id=17138]
  0x00007f6c7c953800 WatcherThread [stack: 0x00007f6c4e21e000,0x00007f6c4e31e000] [id=17158]
  0x00007f6c7c02c000 GCTaskThread "GC Thread#0" [stack: 0x00007f6c831c6000,0x00007f6c832c6000] [id=17130]
=>0x00007f6c44001000 GCTaskThread "GC Thread#1" [stack: 0x00007f6c4e11c000,0x00007f6c4e21c000] [id=17159]
  0x00007f6c44002800 GCTaskThread "GC Thread#2" [stack: 0x00007f6c4e01a000,0x00007f6c4e11a000] [id=17160]
  0x00007f6c7c05d000 ConcurrentGCThread "G1 Main Marker" [stack: 0x00007f6c8020a000,0x00007f6c8030a000] [id=17131]
  0x00007f6c7c05f000 ConcurrentGCThread "G1 Conc#0" [stack: 0x00007f6c80108000,0x00007f6c80208000] [id=17133]
  0x00007f6c7c0d7000 ConcurrentGCThread "G1 Refine#0" [stack: 0x00007f6c6457b000,0x00007f6c6467b000] [id=17135]
  0x00007f6c7c0d8800 ConcurrentGCThread "G1 Young RemSet Sampling" [stack: 0x00007f6c64479000,0x00007f6c64579000] [id=17137]

Threads with active compile tasks:
C2 CompilerThread05467   !   4       java.util.concurrent.ConcurrentHashMap::putVal (432 bytes)
C1 CompilerThread05501       2       org.apache.spark.sql.catalyst.plans.QueryPlan::$anonfun$expressions$2 (102 bytes)

VM state:at safepoint (normal execution)

VM Mutex/Monitor currently owned by a thread:  ([mutex/lock_event])
[0x00007f6c7c012e50] Threads_lock - owner thread: 0x00007f6c7c170800
[0x00007f6c7c0135a0] Heap_lock - owner thread: 0x00007f6c7d5b9800

Heap address: 0x0000000084800000, size: 1976 MB, Compressed Oops mode: 32-bit
Narrow klass base: 0x0000000800000000, Narrow klass shift: 3
Compressed class space size: 1073741824 Address: 0x0000000840000000

Heap:
 garbage-first heap   total 129024K, used 97042K [0x0000000084800000, 0x0000000100000000)
  region size 1024K, 73 young (74752K), 8 survivors (8192K)
 Metaspace       used 80496K, capacity 84009K, committed 84096K, reserved 1120256K
  class space    used 11608K, capacity 13420K, committed 13440K, reserved 1048576K
Heap Regions: E=young(eden), S=young(survivor), O=old, HS=humongous(starts), HC=humongous(continues), CS=collection set, F=free, A=archive, TAMS=top-at-mark-start (previous, next)
|   0|0x0000000084800000, 0x0000000084900000, 0x0000000084900000|100%| O|  |TAMS 0x0000000084900000, 0x0000000084800000| Untracked 
|   1|0x0000000084900000, 0x0000000084a00000, 0x0000000084a00000|100%| O|  |TAMS 0x0000000084a00000, 0x0000000084900000| Untracked 
|   2|0x0000000084a00000, 0x0000000084b00000, 0x0000000084b00000|100%| O|  |TAMS 0x0000000084b00000, 0x0000000084a00000| Untracked 
|   3|0x0000000084b00000, 0x0000000084c00000, 0x0000000084c00000|100%| O|  |TAMS 0x0000000084c00000, 0x0000000084b00000| Untracked 
|   4|0x0000000084c00000, 0x0000000084d00000, 0x0000000084d00000|100%| O|  |TAMS 0x0000000084d00000, 0x0000000084c00000| Untracked 
|   5|0x0000000084d00000, 0x0000000084e00000, 0x0000000084e00000|100%| O|  |TAMS 0x0000000084e00000, 0x0000000084d00000| Untracked 
|   6|0x0000000084e00000, 0x0000000084f00000, 0x0000000084f00000|100%| O|  |TAMS 0x0000000084f00000, 0x0000000084e00000| Untracked 
|   7|0x0000000084f00000, 0x0000000085000000, 0x0000000085000000|100%| O|  |TAMS 0x0000000085000000, 0x0000000084f00000| Untracked 
|   8|0x0000000085000000, 0x0000000085100000, 0x0000000085100000|100%| O|  |TAMS 0x0000000085100000, 0x0000000085000000| Untracked 
|   9|0x0000000085100000, 0x0000000085200000, 0x0000000085200000|100%| O|  |TAMS 0x0000000085200000, 0x0000000085100000| Untracked 
|  10|0x0000000085200000, 0x0000000085300000, 0x0000000085300000|100%| O|  |TAMS 0x0000000085300000, 0x0000000085200000| Untracked 
|  11|0x0000000085300000, 0x0000000085400000, 0x0000000085400000|100%| O|  |TAMS 0x0000000085400000, 0x0000000085300000| Untracked 
|  12|0x0000000085400000, 0x0000000085500000, 0x0000000085500000|100%| O|  |TAMS 0x00000000854f3e00, 0x0000000085400000| Untracked 
|  13|0x0000000085500000, 0x0000000085600000, 0x0000000085600000|100%| O|  |TAMS 0x0000000085500000, 0x0000000085500000| Untracked 
|  14|0x0000000085600000, 0x0000000085700000, 0x0000000085700000|100%| O|  |TAMS 0x0000000085600000, 0x0000000085600000| Untracked 
|  15|0x0000000085700000, 0x0000000085800000, 0x0000000085800000|100%| O|  |TAMS 0x0000000085700000, 0x0000000085700000| Untracked 
|  16|0x0000000085800000, 0x0000000085900000, 0x0000000085900000|100%|HS|  |TAMS 0x0000000085800000, 0x0000000085800000| Complete 
|  17|0x0000000085900000, 0x0000000085a00000, 0x0000000085a00000|100%|HC|  |TAMS 0x0000000085900000, 0x0000000085900000| Complete 
|  18|0x0000000085a00000, 0x0000000085b00000, 0x0000000085b00000|100%|HC|  |TAMS 0x0000000085a00000, 0x0000000085a00000| Complete 
|  19|0x0000000085b00000, 0x0000000085c00000, 0x0000000085c00000|100%|HC|  |TAMS 0x0000000085b00000, 0x0000000085b00000| Complete 
|  20|0x0000000085c00000, 0x0000000085d00000, 0x0000000085d00000|100%|HC|  |TAMS 0x0000000085c00000, 0x0000000085c00000| Complete 
|  21|0x0000000085d00000, 0x0000000085e00000, 0x0000000085e00000|100%| O|  |TAMS 0x0000000085d00000, 0x0000000085d00000| Untracked 
|  22|0x0000000085e00000, 0x0000000085f00000, 0x0000000085f00000|100%| O|  |TAMS 0x0000000085e00000, 0x0000000085e00000| Untracked 
|  23|0x0000000085f00000, 0x0000000086000000, 0x0000000086000000|100%| O|  |TAMS 0x0000000085f00000, 0x0000000085f00000| Untracked 
|  24|0x0000000086000000, 0x00000000860ee050, 0x0000000086100000| 92%| O|  |TAMS 0x0000000086000000, 0x0000000086000000| Untracked 
|  25|0x0000000086100000, 0x0000000086100000, 0x0000000086200000|  0%| F|  |TAMS 0x0000000086100000, 0x0000000086100000| Untracked 
|  26|0x0000000086200000, 0x0000000086200000, 0x0000000086300000|  0%| F|  |TAMS 0x0000000086200000, 0x0000000086200000| Untracked 
|  27|0x0000000086300000, 0x0000000086300000, 0x0000000086400000|  0%| F|  |TAMS 0x0000000086300000, 0x0000000086300000| Untracked 
|  28|0x0000000086400000, 0x0000000086400000, 0x0000000086500000|  0%| F|  |TAMS 0x0000000086400000, 0x0000000086400000| Untracked 
|  29|0x0000000086500000, 0x0000000086500000, 0x0000000086600000|  0%| F|  |TAMS 0x0000000086500000, 0x0000000086500000| Untracked 
|  30|0x0000000086600000, 0x0000000086600000, 0x0000000086700000|  0%| F|  |TAMS 0x0000000086600000, 0x0000000086600000| Untracked 
|  31|0x0000000086700000, 0x0000000086700000, 0x0000000086800000|  0%| F|  |TAMS 0x0000000086700000, 0x0000000086700000| Untracked 
|  32|0x0000000086800000, 0x0000000086800000, 0x0000000086900000|  0%| F|  |TAMS 0x0000000086800000, 0x0000000086800000| Untracked 
|  33|0x0000000086900000, 0x0000000086900000, 0x0000000086a00000|  0%| F|  |TAMS 0x0000000086900000, 0x0000000086900000| Untracked 
|  34|0x0000000086a00000, 0x0000000086a00000, 0x0000000086b00000|  0%| F|  |TAMS 0x0000000086a00000, 0x0000000086a00000| Untracked 
|  35|0x0000000086b00000, 0x0000000086b00000, 0x0000000086c00000|  0%| F|  |TAMS 0x0000000086b00000, 0x0000000086b00000| Untracked 
|  36|0x0000000086c00000, 0x0000000086c00000, 0x0000000086d00000|  0%| F|  |TAMS 0x0000000086c00000, 0x0000000086c00000| Untracked 
|  37|0x0000000086d00000, 0x0000000086d00000, 0x0000000086e00000|  0%| F|  |TAMS 0x0000000086d00000, 0x0000000086d00000| Untracked 
|  38|0x0000000086e00000, 0x0000000086e00000, 0x0000000086f00000|  0%| F|  |TAMS 0x0000000086e00000, 0x0000000086e00000| Untracked 
|  39|0x0000000086f00000, 0x0000000086f00000, 0x0000000087000000|  0%| F|  |TAMS 0x0000000086f00000, 0x0000000086f00000| Untracked 
|  40|0x0000000087000000, 0x0000000087000000, 0x0000000087100000|  0%| F|  |TAMS 0x0000000087000000, 0x0000000087000000| Untracked 
|  41|0x0000000087100000, 0x0000000087200000, 0x0000000087200000|100%| E|CS|TAMS 0x0000000087100000, 0x0000000087100000| Complete 
|  42|0x0000000087200000, 0x0000000087300000, 0x0000000087300000|100%| E|CS|TAMS 0x0000000087200000, 0x0000000087200000| Complete 
|  43|0x0000000087300000, 0x0000000087400000, 0x0000000087400000|100%| E|CS|TAMS 0x0000000087300000, 0x0000000087300000| Complete 
|  44|0x0000000087400000, 0x0000000087500000, 0x0000000087500000|100%| E|CS|TAMS 0x0000000087400000, 0x0000000087400000| Complete 
|  45|0x0000000087500000, 0x0000000087600000, 0x0000000087600000|100%| E|CS|TAMS 0x0000000087500000, 0x0000000087500000| Complete 
|  46|0x0000000087600000, 0x0000000087700000, 0x0000000087700000|100%| E|CS|TAMS 0x0000000087600000, 0x0000000087600000| Complete 
|  47|0x0000000087700000, 0x0000000087800000, 0x0000000087800000|100%| E|CS|TAMS 0x0000000087700000, 0x0000000087700000| Complete 
|  48|0x0000000087800000, 0x0000000087900000, 0x0000000087900000|100%| E|CS|TAMS 0x0000000087800000, 0x0000000087800000| Complete 
|  49|0x0000000087900000, 0x0000000087a00000, 0x0000000087a00000|100%| E|CS|TAMS 0x0000000087900000, 0x0000000087900000| Complete 
|  50|0x0000000087a00000, 0x0000000087a00000, 0x0000000087b00000|  0%| F|  |TAMS 0x0000000087a00000, 0x0000000087a00000| Untracked 
|  51|0x0000000087b00000, 0x0000000087c00000, 0x0000000087c00000|100%| S|  |TAMS 0x0000000087b00000, 0x0000000087b00000| Complete 
|  52|0x0000000087c00000, 0x0000000087d00000, 0x0000000087d00000|100%| S|  |TAMS 0x0000000087c00000, 0x0000000087c00000| Complete 
|  53|0x0000000087d00000, 0x0000000087e00000, 0x0000000087e00000|100%| S|  |TAMS 0x0000000087d00000, 0x0000000087d00000| Complete 
|  54|0x0000000087e00000, 0x0000000087f00000, 0x0000000087f00000|100%| S|  |TAMS 0x0000000087e00000, 0x0000000087e00000| Complete 
|  55|0x0000000087f00000, 0x0000000088000000, 0x0000000088000000|100%| S|  |TAMS 0x0000000087f00000, 0x0000000087f00000| Complete 
|  56|0x0000000088000000, 0x0000000088100000, 0x0000000088100000|100%| S|  |TAMS 0x0000000088000000, 0x0000000088000000| Complete 
|  57|0x0000000088100000, 0x0000000088200000, 0x0000000088200000|100%| S|  |TAMS 0x0000000088100000, 0x0000000088100000| Complete 
|  58|0x0000000088200000, 0x0000000088300000, 0x0000000088300000|100%| S|  |TAMS 0x0000000088200000, 0x0000000088200000| Complete 
|  59|0x0000000088300000, 0x0000000088400000, 0x0000000088400000|100%| E|CS|TAMS 0x0000000088300000, 0x0000000088300000| Complete 
|  60|0x0000000088400000, 0x0000000088500000, 0x0000000088500000|100%| E|CS|TAMS 0x0000000088400000, 0x0000000088400000| Complete 
|  61|0x0000000088500000, 0x0000000088600000, 0x0000000088600000|100%| E|CS|TAMS 0x0000000088500000, 0x0000000088500000| Complete 
|  62|0x0000000088600000, 0x0000000088700000, 0x0000000088700000|100%| E|CS|TAMS 0x0000000088600000, 0x0000000088600000| Complete 
|  63|0x0000000088700000, 0x0000000088800000, 0x0000000088800000|100%| E|CS|TAMS 0x0000000088700000, 0x0000000088700000| Complete 
|  64|0x0000000088800000, 0x0000000088900000, 0x0000000088900000|100%| E|CS|TAMS 0x0000000088800000, 0x0000000088800000| Complete 
|  65|0x0000000088900000, 0x0000000088a00000, 0x0000000088a00000|100%| E|CS|TAMS 0x0000000088900000, 0x0000000088900000| Complete 
|  66|0x0000000088a00000, 0x0000000088b00000, 0x0000000088b00000|100%| E|CS|TAMS 0x0000000088a00000, 0x0000000088a00000| Complete 
|  67|0x0000000088b00000, 0x0000000088c00000, 0x0000000088c00000|100%| E|CS|TAMS 0x0000000088b00000, 0x0000000088b00000| Complete 
|  68|0x0000000088c00000, 0x0000000088d00000, 0x0000000088d00000|100%| E|CS|TAMS 0x0000000088c00000, 0x0000000088c00000| Complete 
|  69|0x0000000088d00000, 0x0000000088e00000, 0x0000000088e00000|100%| E|CS|TAMS 0x0000000088d00000, 0x0000000088d00000| Complete 
|  70|0x0000000088e00000, 0x0000000088f00000, 0x0000000088f00000|100%| E|CS|TAMS 0x0000000088e00000, 0x0000000088e00000| Complete 
|  71|0x0000000088f00000, 0x0000000089000000, 0x0000000089000000|100%| E|CS|TAMS 0x0000000088f00000, 0x0000000088f00000| Complete 
|  72|0x0000000089000000, 0x0000000089100000, 0x0000000089100000|100%| E|CS|TAMS 0x0000000089000000, 0x0000000089000000| Complete 
|  73|0x0000000089100000, 0x0000000089200000, 0x0000000089200000|100%| E|CS|TAMS 0x0000000089100000, 0x0000000089100000| Complete 
|  74|0x0000000089200000, 0x0000000089300000, 0x0000000089300000|100%| E|CS|TAMS 0x0000000089200000, 0x0000000089200000| Complete 
|  75|0x0000000089300000, 0x0000000089400000, 0x0000000089400000|100%| E|CS|TAMS 0x0000000089300000, 0x0000000089300000| Complete 
|  76|0x0000000089400000, 0x0000000089500000, 0x0000000089500000|100%| E|CS|TAMS 0x0000000089400000, 0x0000000089400000| Complete 
|  77|0x0000000089500000, 0x0000000089600000, 0x0000000089600000|100%| E|CS|TAMS 0x0000000089500000, 0x0000000089500000| Complete 
|  78|0x0000000089600000, 0x0000000089700000, 0x0000000089700000|100%| E|CS|TAMS 0x0000000089600000, 0x0000000089600000| Complete 
|  79|0x0000000089700000, 0x0000000089800000, 0x0000000089800000|100%| E|CS|TAMS 0x0000000089700000, 0x0000000089700000| Complete 
|  80|0x0000000089800000, 0x0000000089900000, 0x0000000089900000|100%| E|CS|TAMS 0x0000000089800000, 0x0000000089800000| Complete 
|  81|0x0000000089900000, 0x0000000089a00000, 0x0000000089a00000|100%| E|CS|TAMS 0x0000000089900000, 0x0000000089900000| Complete 
|  82|0x0000000089a00000, 0x0000000089b00000, 0x0000000089b00000|100%| E|CS|TAMS 0x0000000089a00000, 0x0000000089a00000| Complete 
|  83|0x0000000089b00000, 0x0000000089c00000, 0x0000000089c00000|100%| E|CS|TAMS 0x0000000089b00000, 0x0000000089b00000| Complete 
|  84|0x0000000089c00000, 0x0000000089d00000, 0x0000000089d00000|100%| E|CS|TAMS 0x0000000089c00000, 0x0000000089c00000| Complete 
|  85|0x0000000089d00000, 0x0000000089e00000, 0x0000000089e00000|100%| E|CS|TAMS 0x0000000089d00000, 0x0000000089d00000| Complete 
|  86|0x0000000089e00000, 0x0000000089f00000, 0x0000000089f00000|100%| E|CS|TAMS 0x0000000089e00000, 0x0000000089e00000| Complete 
|  87|0x0000000089f00000, 0x000000008a000000, 0x000000008a000000|100%| E|CS|TAMS 0x0000000089f00000, 0x0000000089f00000| Complete 
|  88|0x000000008a000000, 0x000000008a100000, 0x000000008a100000|100%| E|CS|TAMS 0x000000008a000000, 0x000000008a000000| Complete 
|  89|0x000000008a100000, 0x000000008a200000, 0x000000008a200000|100%| E|CS|TAMS 0x000000008a100000, 0x000000008a100000| Complete 
|  90|0x000000008a200000, 0x000000008a300000, 0x000000008a300000|100%| E|CS|TAMS 0x000000008a200000, 0x000000008a200000| Complete 
|  91|0x000000008a300000, 0x000000008a400000, 0x000000008a400000|100%| E|CS|TAMS 0x000000008a300000, 0x000000008a300000| Complete 
|  92|0x000000008a400000, 0x000000008a500000, 0x000000008a500000|100%| E|CS|TAMS 0x000000008a400000, 0x000000008a400000| Complete 
|  93|0x000000008a500000, 0x000000008a600000, 0x000000008a600000|100%| E|CS|TAMS 0x000000008a500000, 0x000000008a500000| Complete 
|  94|0x000000008a600000, 0x000000008a700000, 0x000000008a700000|100%| E|CS|TAMS 0x000000008a600000, 0x000000008a600000| Complete 
|  95|0x000000008a700000, 0x000000008a800000, 0x000000008a800000|100%| E|CS|TAMS 0x000000008a700000, 0x000000008a700000| Complete 
|  96|0x000000008a800000, 0x000000008a900000, 0x000000008a900000|100%| E|CS|TAMS 0x000000008a800000, 0x000000008a800000| Complete 
|  97|0x000000008a900000, 0x000000008aa00000, 0x000000008aa00000|100%| E|CS|TAMS 0x000000008a900000, 0x000000008a900000| Complete 
|  98|0x000000008aa00000, 0x000000008ab00000, 0x000000008ab00000|100%| E|CS|TAMS 0x000000008aa00000, 0x000000008aa00000| Complete 
|  99|0x000000008ab00000, 0x000000008ac00000, 0x000000008ac00000|100%| E|CS|TAMS 0x000000008ab00000, 0x000000008ab00000| Complete 
| 100|0x000000008ac00000, 0x000000008ad00000, 0x000000008ad00000|100%| E|CS|TAMS 0x000000008ac00000, 0x000000008ac00000| Complete 
| 101|0x000000008ad00000, 0x000000008ae00000, 0x000000008ae00000|100%| E|CS|TAMS 0x000000008ad00000, 0x000000008ad00000| Complete 
| 102|0x000000008ae00000, 0x000000008af00000, 0x000000008af00000|100%| E|CS|TAMS 0x000000008ae00000, 0x000000008ae00000| Complete 
| 103|0x000000008af00000, 0x000000008b000000, 0x000000008b000000|100%| E|CS|TAMS 0x000000008af00000, 0x000000008af00000| Complete 
| 104|0x000000008b000000, 0x000000008b100000, 0x000000008b100000|100%| E|CS|TAMS 0x000000008b000000, 0x000000008b000000| Complete 
| 105|0x000000008b100000, 0x000000008b200000, 0x000000008b200000|100%| E|CS|TAMS 0x000000008b100000, 0x000000008b100000| Complete 
| 106|0x000000008b200000, 0x000000008b300000, 0x000000008b300000|100%| E|CS|TAMS 0x000000008b200000, 0x000000008b200000| Complete 
| 107|0x000000008b300000, 0x000000008b400000, 0x000000008b400000|100%| E|CS|TAMS 0x000000008b300000, 0x000000008b300000| Complete 
| 108|0x000000008b400000, 0x000000008b500000, 0x000000008b500000|100%| E|CS|TAMS 0x000000008b400000, 0x000000008b400000| Complete 
| 109|0x000000008b500000, 0x000000008b600000, 0x000000008b600000|100%| E|CS|TAMS 0x000000008b500000, 0x000000008b500000| Complete 
| 110|0x000000008b600000, 0x000000008b700000, 0x000000008b700000|100%| E|CS|TAMS 0x000000008b600000, 0x000000008b600000| Complete 
| 111|0x000000008b700000, 0x000000008b800000, 0x000000008b800000|100%| E|CS|TAMS 0x000000008b700000, 0x000000008b700000| Complete 
| 112|0x000000008b800000, 0x000000008b900000, 0x000000008b900000|100%| E|CS|TAMS 0x000000008b800000, 0x000000008b800000| Complete 
| 113|0x000000008b900000, 0x000000008ba00000, 0x000000008ba00000|100%| E|CS|TAMS 0x000000008b900000, 0x000000008b900000| Complete 
| 114|0x000000008ba00000, 0x000000008bb00000, 0x000000008bb00000|100%| E|CS|TAMS 0x000000008ba00000, 0x000000008ba00000| Complete 
| 115|0x000000008bb00000, 0x000000008bc00000, 0x000000008bc00000|100%| E|CS|TAMS 0x000000008bb00000, 0x000000008bb00000| Complete 
| 116|0x000000008bc00000, 0x000000008bd00000, 0x000000008bd00000|100%| E|CS|TAMS 0x000000008bc00000, 0x000000008bc00000| Complete 
| 117|0x000000008bd00000, 0x000000008be00000, 0x000000008be00000|100%| E|CS|TAMS 0x000000008bd00000, 0x000000008bd00000| Complete 
| 118|0x000000008be00000, 0x000000008bf00000, 0x000000008bf00000|100%| E|CS|TAMS 0x000000008be00000, 0x000000008be00000| Complete 
| 119|0x000000008bf00000, 0x000000008c000000, 0x000000008c000000|100%| E|CS|TAMS 0x000000008bf00000, 0x000000008bf00000| Complete 
| 120|0x000000008c000000, 0x000000008c100000, 0x000000008c100000|100%| E|CS|TAMS 0x000000008c000000, 0x000000008c000000| Complete 
| 121|0x000000008c100000, 0x000000008c200000, 0x000000008c200000|100%| E|CS|TAMS 0x000000008c100000, 0x000000008c100000| Complete 
| 122|0x000000008c200000, 0x000000008c300000, 0x000000008c300000|100%| E|CS|TAMS 0x000000008c200000, 0x000000008c200000| Complete 
| 123|0x000000008c300000, 0x000000008c400000, 0x000000008c400000|100%| E|CS|TAMS 0x000000008c300000, 0x000000008c300000| Complete 
|1974|0x00000000ffe00000, 0x00000000ffe35000, 0x00000000fff00000| 20%|OA|  |TAMS 0x00000000ffe35000, 0x00000000ffe00000| Untracked 
|1975|0x00000000fff00000, 0x00000000fff6a000, 0x0000000100000000| 41%|CA|  |TAMS 0x00000000fff6a000, 0x00000000fff00000| Untracked 

Card table byte_map: [0x00007f6c82608000,0x00007f6c829e4000] _byte_map_base: 0x00007f6c821e4000

Marking Bits (Prev, Next): (CMBitMap*) 0x00007f6c7c054770, (CMBitMap*) 0x00007f6c7c054738
 Prev Bits: [0x00007f6c5e120000, 0x00007f6c60000000)
 Next Bits: [0x00007f6c8034c000, 0x00007f6c8222c000)

Polling page: 0x00007f6c84e98000

Metaspace:

Usage:
  Non-class:     68.93 MB capacity,    67.27 MB ( 98%) used,     1.23 MB (  2%) free+waste,   437.00 KB ( <1%) overhead. 
      Class:     13.11 MB capacity,    11.34 MB ( 86%) used,     1.53 MB ( 12%) free+waste,   242.25 KB (  2%) overhead. 
       Both:     82.04 MB capacity,    78.61 MB ( 96%) used,     2.77 MB (  3%) free+waste,   679.25 KB ( <1%) overhead. 

Virtual space:
  Non-class space:       70.00 MB reserved,      69.00 MB ( 99%) committed 
      Class space:        1.00 GB reserved,      13.12 MB (  1%) committed 
             Both:        1.07 GB reserved,      82.12 MB (  8%) committed 

Chunk freelists:
   Non-Class:  0 bytes
       Class:  0 bytes
        Both:  0 bytes

CodeHeap 'non-profiled nmethods': size=120032Kb used=2443Kb max_used=2443Kb free=117589Kb
 bounds [0x00007f6c6c446000, 0x00007f6c6c6b6000, 0x00007f6c7397e000]
CodeHeap 'profiled nmethods': size=120032Kb used=10034Kb max_used=10034Kb free=109997Kb
 bounds [0x00007f6c64f0e000, 0x00007f6c658ee000, 0x00007f6c6c446000]
CodeHeap 'non-nmethods': size=5696Kb used=1360Kb max_used=1375Kb free=4335Kb
 bounds [0x00007f6c6497e000, 0x00007f6c64bee000, 0x00007f6c64f0e000]
 total_blobs=7306 nmethods=5225 adapters=698
 compilation: enabled
              stopped_count=0, restarted_count=0
 full_count=0

Compilation events (10 events):
Event: 16.663 Thread 0x00007f6c7c17f000 nmethod 5496 0x00007f6c658dd990 code [0x00007f6c658ddb40, 0x00007f6c658ddcf0]
Event: 16.664 Thread 0x00007f6c7c17f000 5497       2       scala.collection.Iterator$$anon$11::hasNext (35 bytes)
Event: 16.664 Thread 0x00007f6c7c17f000 nmethod 5497 0x00007f6c658ddd90 code [0x00007f6c658ddfa0, 0x00007f6c658de328]
Event: 16.665 Thread 0x00007f6c7c17f000 5498       2       scala.runtime.ScalaRunTime$$anon$1::next (26 bytes)
Event: 16.665 Thread 0x00007f6c7c17f000 nmethod 5498 0x00007f6c658de490 code [0x00007f6c658de640, 0x00007f6c658de7e8]
Event: 16.666 Thread 0x00007f6c7c17f000 5499       1       org.apache.spark.sql.catalyst.expressions.AttributeSet::baseSet (5 bytes)
Event: 16.666 Thread 0x00007f6c7c17f000 nmethod 5499 0x00007f6c6c6a8890 code [0x00007f6c6c6a8a40, 0x00007f6c6c6a8b70]
Event: 16.667 Thread 0x00007f6c7c17f000 5500       2       org.apache.spark.sql.catalyst.plans.QueryPlan$$Lambda$1162/0x0000000840a10840::apply (5 bytes)
Event: 16.667 Thread 0x00007f6c7c17f000 nmethod 5500 0x00007f6c658de890 code [0x00007f6c658dea40, 0x00007f6c658debc8]
Event: 16.667 Thread 0x00007f6c7c17f000 5501       2       org.apache.spark.sql.catalyst.plans.QueryPlan::$anonfun$expressions$2 (102 bytes)

GC Heap History (10 events):
Event: 12.038 GC heap after
{Heap after GC invocations=6 (full 0):
 garbage-first heap   total 129024K, used 16451K [0x0000000084800000, 0x0000000100000000)
  region size 1024K, 7 young (7168K), 7 survivors (7168K)
 Metaspace       used 31257K, capacity 32289K, committed 32384K, reserved 1077248K
  class space    used 4440K, capacity 4985K, committed 4992K, reserved 1048576K
}
Event: 12.170 GC heap before
{Heap before GC invocations=6 (full 0):
 garbage-first heap   total 129024K, used 30787K [0x0000000084800000, 0x0000000100000000)
  region size 1024K, 23 young (23552K), 7 survivors (7168K)
 Metaspace       used 34481K, capacity 35721K, committed 35840K, reserved 1079296K
  class space    used 4906K, capacity 5554K, committed 5632K, reserved 1048576K
}
Event: 12.176 GC heap after
{Heap after GC invocations=7 (full 0):
 garbage-first heap   total 129024K, used 17397K [0x0000000084800000, 0x0000000100000000)
  region size 1024K, 6 young (6144K), 6 survivors (6144K)
 Metaspace       used 34481K, capacity 35721K, committed 35840K, reserved 1079296K
  class space    used 4906K, capacity 5554K, committed 5632K, reserved 1048576K
}
Event: 14.498 GC heap before
{Heap before GC invocations=8 (full 0):
 garbage-first heap   total 129024K, used 79861K [0x0000000084800000, 0x0000000100000000)
  region size 1024K, 68 young (69632K), 6 survivors (6144K)
 Metaspace       used 44568K, capacity 46285K, committed 46464K, reserved 1089536K
  class space    used 6359K, capacity 7220K, committed 7296K, reserved 1048576K
}
Event: 14.513 GC heap after
{Heap after GC invocations=9 (full 0):
 garbage-first heap   total 129024K, used 19682K [0x0000000084800000, 0x0000000100000000)
  region size 1024K, 6 young (6144K), 6 survivors (6144K)
 Metaspace       used 44568K, capacity 46285K, committed 46464K, reserved 1089536K
  class space    used 6359K, capacity 7220K, committed 7296K, reserved 1048576K
}
Event: 15.006 GC heap before
{Heap before GC invocations=9 (full 0):
 garbage-first heap   total 129024K, used 68834K [0x0000000084800000, 0x0000000100000000)
  region size 1024K, 56 young (57344K), 6 survivors (6144K)
 Metaspace       used 58002K, capacity 59783K, committed 60160K, reserved 1101824K
  class space    used 7912K, capacity 8806K, committed 8832K, reserved 1048576K
}
Event: 15.012 GC heap after
{Heap after GC invocations=10 (full 0):
 garbage-first heap   total 129024K, used 21404K [0x0000000084800000, 0x0000000100000000)
  region size 1024K, 8 young (8192K), 8 survivors (8192K)
 Metaspace       used 58002K, capacity 59783K, committed 60160K, reserved 1101824K
  class space    used 7912K, capacity 8806K, committed 8832K, reserved 1048576K
}
Event: 15.955 GC heap before
{Heap before GC invocations=11 (full 0):
 garbage-first heap   total 129024K, used 88988K [0x0000000084800000, 0x0000000100000000)
  region size 1024K, 74 young (75776K), 8 survivors (8192K)
 Metaspace       used 70168K, capacity 72594K, committed 72704K, reserved 1110016K
  class space    used 9940K, capacity 11201K, committed 11264K, reserved 1048576K
}
Event: 15.970 GC heap after
{Heap after GC invocations=12 (full 0):
 garbage-first heap   total 129024K, used 25362K [0x0000000084800000, 0x0000000100000000)
  region size 1024K, 9 young (9216K), 9 survivors (9216K)
 Metaspace       used 70168K, capacity 72594K, committed 72704K, reserved 1110016K
  class space    used 9940K, capacity 11201K, committed 11264K, reserved 1048576K
}
Event: 16.668 GC heap before
{Heap before GC invocations=12 (full 0):
 garbage-first heap   total 129024K, used 96018K [0x0000000084800000, 0x0000000100000000)
  region size 1024K, 74 young (75776K), 9 survivors (9216K)
 Metaspace       used 80496K, capacity 84009K, committed 84096K, reserved 1120256K
  class space    used 11608K, capacity 13420K, committed 13440K, reserved 1048576K
}

Deoptimization events (10 events):
Event: 16.213 Thread 0x00007f6c54030000 Uncommon trap: reason=unstable_if action=reinterpret pc=0x00007f6c6c52bc00 method=java.util.HashMap.getNode(ILjava/lang/Object;)Ljava/util/HashMap$Node; @ 84 c2
Event: 16.213 Thread 0x00007f6c54030000 Uncommon trap: reason=unstable_if action=reinterpret pc=0x00007f6c6c4679a4 method=java.util.HashMap.resize()[Ljava/util/HashMap$Node; @ 203 c2
Event: 16.217 Thread 0x00007f6c54030000 Uncommon trap: reason=class_check action=maybe_recompile pc=0x00007f6c6c649000 method=scala.collection.convert.Wrappers$JMapWrapperLike$$anon$5.hasNext()Z @ 4 c2
Event: 16.218 Thread 0x00007f6c54030000 Uncommon trap: reason=class_check action=maybe_recompile pc=0x00007f6c6c649000 method=scala.collection.convert.Wrappers$JMapWrapperLike$$anon$5.hasNext()Z @ 4 c2
Event: 16.219 Thread 0x00007f6c54030000 Uncommon trap: reason=class_check action=maybe_recompile pc=0x00007f6c6c649000 method=scala.collection.convert.Wrappers$JMapWrapperLike$$anon$5.hasNext()Z @ 4 c2
Event: 16.249 Thread 0x00007f6c54030000 Uncommon trap: reason=class_check action=maybe_recompile pc=0x00007f6c6c649000 method=scala.collection.convert.Wrappers$JMapWrapperLike$$anon$5.hasNext()Z @ 4 c2
Event: 16.324 Thread 0x00007f6c7d5b9800 Uncommon trap: reason=bimorphic_or_optimized_type_check action=maybe_recompile pc=0x00007f6c6c4ccca8 method=java.util.concurrent.ConcurrentHashMap.putVal(Ljava/lang/Object;Ljava/lang/Object;Z)Ljava/lang/Object; @ 242 c2
Event: 16.325 Thread 0x00007f6c7d5b9800 Uncommon trap: reason=bimorphic_or_optimized_type_check action=maybe_recompile pc=0x00007f6c6c4ccca8 method=java.util.concurrent.ConcurrentHashMap.putVal(Ljava/lang/Object;Ljava/lang/Object;Z)Ljava/lang/Object; @ 242 c2
Event: 16.430 Thread 0x00007f6c7d5eb000 Uncommon trap: reason=unstable_if action=reinterpret pc=0x00007f6c6c4d6148 method=scala.Array$.copy(Ljava/lang/Object;ILjava/lang/Object;II)V @ 23 c2
Event: 16.463 Thread 0x00007f6c7d5b9800 Uncommon trap: reason=bimorphic_or_optimized_type_check action=maybe_recompile pc=0x00007f6c6c4ccca8 method=java.util.concurrent.ConcurrentHashMap.putVal(Ljava/lang/Object;Ljava/lang/Object;Z)Ljava/lang/Object; @ 242 c2

Classes redefined (0 events):
No events

Internal exceptions (10 events):
Event: 16.521 Thread 0x00007f6c00021000 Exception <a 'java/lang/NoSuchMethodError'{0x000000008995d0b8}: java.lang.invoke.DelegatingMethodHandle$Holder.delegate(Ljava/lang/Object;Ljava/lang/Object;Ljava/lang/Object;Ljava/lang/Object;Ljava/lang/Object;Ljava/lang/Object;Ljava/lang/Object;Ljava/lan
Event: 16.535 Thread 0x00007f6c00021000 Exception <a 'java/lang/NoSuchMethodError'{0x0000000089889ee8}: java.lang.invoke.DirectMethodHandle$Holder.invokeStatic(Ljava/lang/Object;Ljava/lang/Object;Ljava/lang/Object;Ljava/lang/Object;Ljava/lang/Object;I)Ljava/lang/Object;> (0x0000000089889ee8) th
Event: 16.536 Thread 0x00007f6c00021000 Exception <a 'java/lang/NoSuchMethodError'{0x000000008988dd60}: java.lang.invoke.DirectMethodHandle$Holder.invokeStatic(Ljava/lang/Object;Ljava/lang/Object;Ljava/lang/Object;Ljava/lang/Object;Ljava/lang/Object;Ljava/lang/Object;Ljava/lang/Object;I)Ljava/l
Event: 16.548 Thread 0x00007f6c00021000 Exception <a 'java/lang/NoSuchMethodError'{0x0000000089788a60}: java.lang.invoke.DirectMethodHandle$Holder.invokeSpecial(Ljava/lang/Object;Ljava/lang/Object;Ljava/lang/Object;JLjava/lang/Object;)Ljava/lang/Object;> (0x0000000089788a60) thrown at [/build/o
Event: 16.548 Thread 0x00007f6c00021000 Exception <a 'java/lang/NoSuchMethodError'{0x000000008978b820}: java.lang.invoke.Invokers$Holder.linkToTargetMethod(Ljava/lang/Object;JLjava/lang/Object;Ljava/lang/Object;)Ljava/lang/Object;> (0x000000008978b820) thrown at [/build/openjdk-lts-WvAz7S/openj
Event: 16.554 Thread 0x00007f6c00021000 Exception <a 'java/lang/NoSuchMethodError'{0x000000008960b550}: <clinit>> (0x000000008960b550) thrown at [/build/openjdk-lts-WvAz7S/openjdk-lts-11.0.3+7/src/hotspot/share/prims/jni.cpp, line 1364]
Event: 16.554 Thread 0x00007f6c00021000 Exception <a 'java/lang/NoSuchMethodError'{0x0000000089641fa0}: <clinit>> (0x0000000089641fa0) thrown at [/build/openjdk-lts-WvAz7S/openjdk-lts-11.0.3+7/src/hotspot/share/prims/jni.cpp, line 1364]
Event: 16.557 Thread 0x00007f6c00021000 Exception <a 'java/lang/NoSuchMethodError'{0x0000000089668190}: <clinit>> (0x0000000089668190) thrown at [/build/openjdk-lts-WvAz7S/openjdk-lts-11.0.3+7/src/hotspot/share/prims/jni.cpp, line 1364]
Event: 16.579 Thread 0x00007f6c7d5b9800 Exception <a 'java/lang/NoSuchMethodError'{0x000000008945ed90}: java.lang.invoke.DirectMethodHandle$Holder.invokeSpecial(Ljava/lang/Object;Ljava/lang/Object;Ljava/lang/Object;IILjava/lang/Object;J)Ljava/lang/Object;> (0x000000008945ed90) thrown at [/build
Event: 16.629 Thread 0x00007f6c54030000 Exception <a 'java/lang/NoSuchMethodError'{0x0000000088a00240}: <clinit>> (0x0000000088a00240) thrown at [/build/openjdk-lts-WvAz7S/openjdk-lts-11.0.3+7/src/hotspot/share/prims/jni.cpp, line 1364]

Events (10 events):
Event: 16.667 loading class scala/Function0 done
Event: 16.667 loading class org/apache/spark/sql/execution/SparkPlan
Event: 16.667 loading class org/apache/spark/sql/execution/SparkPlan done
Event: 16.667 loading class org/apache/spark/sql/execution/ui/SparkPlanGraph$
Event: 16.667 loading class org/apache/spark/sql/execution/ui/SparkPlanGraph$ done
Event: 16.667 loading class org/apache/spark/sql/execution/SparkPlan
Event: 16.667 loading class org/apache/spark/sql/execution/SparkPlan done
Event: 16.667 loading class scala/Function1
Event: 16.667 loading class scala/Function1 done
Event: 16.667 Executing VM operation: G1CollectForAllocation


Dynamic libraries:
84800000-8c400000 rw-p 00000000 00:00 0 
8c400000-ffe00000 ---p 00000000 00:00 0 
ffe00000-ffe35000 rw-p 0111e000 08:02 6426834                            /usr/lib/jvm/java-11-openjdk-amd64/lib/server/classes.jsa
ffe35000-fff00000 rw-p 00000000 00:00 0 
fff00000-fff6a000 rw-p 010b4000 08:02 6426834                            /usr/lib/jvm/java-11-openjdk-amd64/lib/server/classes.jsa
fff6a000-100000000 rw-p 00000000 00:00 0 
800000000-800002000 rwxp 00001000 08:02 6426834                          /usr/lib/jvm/java-11-openjdk-amd64/lib/server/classes.jsa
800002000-8003bf000 rw-p 00003000 08:02 6426834                          /usr/lib/jvm/java-11-openjdk-amd64/lib/server/classes.jsa
8003bf000-800a9c000 r--p 003c0000 08:02 6426834                          /usr/lib/jvm/java-11-openjdk-amd64/lib/server/classes.jsa
800a9c000-800a9d000 rw-p 00a9d000 08:02 6426834                          /usr/lib/jvm/java-11-openjdk-amd64/lib/server/classes.jsa
800a9d000-8010b3000 r--p 00a9e000 08:02 6426834                          /usr/lib/jvm/java-11-openjdk-amd64/lib/server/classes.jsa
840000000-840d20000 rw-p 00000000 00:00 0 
840d20000-880000000 ---p 00000000 00:00 0 
55a761c52000-55a761c53000 r--p 00000000 08:02 5903865                    /usr/lib/jvm/java-11-openjdk-amd64/bin/java
55a761c53000-55a761c54000 r-xp 00001000 08:02 5903865                    /usr/lib/jvm/java-11-openjdk-amd64/bin/java
55a761c54000-55a761c55000 r--p 00002000 08:02 5903865                    /usr/lib/jvm/java-11-openjdk-amd64/bin/java
55a761c55000-55a761c56000 r--p 00002000 08:02 5903865                    /usr/lib/jvm/java-11-openjdk-amd64/bin/java
55a761c56000-55a761c57000 rw-p 00003000 08:02 5903865                    /usr/lib/jvm/java-11-openjdk-amd64/bin/java
55a76287e000-55a7628c0000 rw-p 00000000 00:00 0                          [heap]
7f6bdf127000-7f6bdf12b000 ---p 00000000 00:00 0 
7f6bdf12b000-7f6bdf328000 rw-p 00000000 00:00 0 
7f6bdf328000-7f6bdf428000 ---p 00000000 00:00 0 
7f6bdf428000-7f6bdf435000 r-xp 00000000 08:02 2641496                    /tmp/liblz4-java15363753837162763531.so
7f6bdf435000-7f6bdf634000 ---p 0000d000 08:02 2641496                    /tmp/liblz4-java15363753837162763531.so
7f6bdf634000-7f6bdf635000 rw-p 0000c000 08:02 2641496                    /tmp/liblz4-java15363753837162763531.so
7f6bdf635000-7f6bdf835000 rw-p 00000000 00:00 0 
7f6bdf835000-7f6bdfa35000 rw-p 00000000 00:00 0 
7f6bdfa35000-7f6bdfc35000 rw-p 00000000 00:00 0 
7f6bdfc35000-7f6bdfe35000 rw-p 00000000 00:00 0 
7f6bdfe35000-7f6be0035000 rw-p 00000000 00:00 0 
7f6be0035000-7f6be0235000 rw-p 00000000 00:00 0 
7f6be0235000-7f6be0435000 rw-p 00000000 00:00 0 
7f6be0435000-7f6be0635000 rw-p 00000000 00:00 0 
7f6be0635000-7f6be0835000 rw-p 00000000 00:00 0 
7f6be0835000-7f6be0a35000 rw-p 00000000 00:00 0 
7f6be0a35000-7f6be0c35000 rw-p 00000000 00:00 0 
7f6be0c35000-7f6be0e35000 rw-p 00000000 00:00 0 
7f6be0e35000-7f6be1035000 rw-p 00000000 00:00 0 
7f6be1035000-7f6be1235000 rw-p 00000000 00:00 0 
7f6be1235000-7f6be1435000 rw-p 00000000 00:00 0 
7f6be1435000-7f6be1635000 rw-p 00000000 00:00 0 
7f6be1635000-7f6be1835000 rw-p 00000000 00:00 0 
7f6be188c000-7f6be1890000 ---p 00000000 00:00 0 
7f6be1890000-7f6be198d000 rw-p 00000000 00:00 0 
7f6be198d000-7f6be1991000 ---p 00000000 00:00 0 
7f6be1991000-7f6be1a8e000 rw-p 00000000 00:00 0 
7f6be1ae7000-7f6be1aeb000 ---p 00000000 00:00 0 
7f6be1aeb000-7f6be1be8000 rw-p 00000000 00:00 0 
7f6be1be8000-7f6be1bec000 ---p 00000000 00:00 0 
7f6be1bec000-7f6be1ce9000 rw-p 00000000 00:00 0 
7f6be1ce9000-7f6be1ced000 ---p 00000000 00:00 0 
7f6be1ced000-7f6be1fea000 rw-p 00000000 00:00 0 
7f6be1fea000-7f6be1fee000 ---p 00000000 00:00 0 
7f6be1fee000-7f6be20eb000 rw-p 00000000 00:00 0 
7f6be20eb000-7f6be20ef000 ---p 00000000 00:00 0 
7f6be20ef000-7f6be21ec000 rw-p 00000000 00:00 0 
7f6be21ec000-7f6be21f0000 ---p 00000000 00:00 0 
7f6be21f0000-7f6be24ed000 rw-p 00000000 00:00 0 
7f6be24ed000-7f6be24f1000 ---p 00000000 00:00 0 
7f6be24f1000-7f6be27ee000 rw-p 00000000 00:00 0 
7f6be27ee000-7f6be27f2000 ---p 00000000 00:00 0 
7f6be27f2000-7f6be28ef000 rw-p 00000000 00:00 0 
7f6be28ef000-7f6be28f3000 ---p 00000000 00:00 0 
7f6be28f3000-7f6be29f0000 rw-p 00000000 00:00 0 
7f6be29f0000-7f6be29f4000 ---p 00000000 00:00 0 
7f6be29f4000-7f6be2af1000 rw-p 00000000 00:00 0 
7f6be2af1000-7f6be2af5000 ---p 00000000 00:00 0 
7f6be2af5000-7f6be2bf2000 rw-p 00000000 00:00 0 
7f6be2bf2000-7f6be2bf6000 ---p 00000000 00:00 0 
7f6be2bf6000-7f6be2ef3000 rw-p 00000000 00:00 0 
7f6be2ef3000-7f6be2ef7000 ---p 00000000 00:00 0 
7f6be2ef7000-7f6be2ff4000 rw-p 00000000 00:00 0 
7f6be2ff4000-7f6be2ff8000 ---p 00000000 00:00 0 
7f6be2ff8000-7f6be32f5000 rw-p 00000000 00:00 0 
7f6be32f5000-7f6be32f9000 ---p 00000000 00:00 0 
7f6be32f9000-7f6be33f6000 rw-p 00000000 00:00 0 
7f6be33f6000-7f6be33fa000 ---p 00000000 00:00 0 
7f6be33fa000-7f6be34f7000 rw-p 00000000 00:00 0 
7f6be34f7000-7f6be34fb000 ---p 00000000 00:00 0 
7f6be34fb000-7f6be35f8000 rw-p 00000000 00:00 0 
7f6be35f8000-7f6be35fc000 ---p 00000000 00:00 0 
7f6be35fc000-7f6be38f9000 rw-p 00000000 00:00 0 
7f6be38f9000-7f6be38fd000 ---p 00000000 00:00 0 
7f6be38fd000-7f6be39fa000 rw-p 00000000 00:00 0 
7f6be39fa000-7f6be39fe000 ---p 00000000 00:00 0 
7f6be39fe000-7f6be3afb000 rw-p 00000000 00:00 0 
7f6be3afb000-7f6be3aff000 ---p 00000000 00:00 0 
7f6be3aff000-7f6be3bfc000 rw-p 00000000 00:00 0 
7f6be3bfc000-7f6be3c00000 ---p 00000000 00:00 0 
7f6be3c00000-7f6be3cfd000 rw-p 00000000 00:00 0 
7f6be3cfd000-7f6be3d01000 ---p 00000000 00:00 0 
7f6be3d01000-7f6be3dfe000 rw-p 00000000 00:00 0 
7f6be3dfe000-7f6be3e02000 ---p 00000000 00:00 0 
7f6be3e02000-7f6be3eff000 rw-p 00000000 00:00 0 
7f6be3eff000-7f6be3f03000 ---p 00000000 00:00 0 
7f6be3f03000-7f6be4000000 rw-p 00000000 00:00 0 
7f6be4000000-7f6be4021000 rw-p 00000000 00:00 0 
7f6be4021000-7f6be8000000 ---p 00000000 00:00 0 
7f6be8000000-7f6be806f000 rw-p 00000000 00:00 0 
7f6be806f000-7f6bec000000 ---p 00000000 00:00 0 
7f6bec000000-7f6bec021000 rw-p 00000000 00:00 0 
7f6bec021000-7f6bf0000000 ---p 00000000 00:00 0 
7f6bf0000000-7f6bf0021000 rw-p 00000000 00:00 0 
7f6bf0021000-7f6bf4000000 ---p 00000000 00:00 0 
7f6bf4000000-7f6bf4021000 rw-p 00000000 00:00 0 
7f6bf4021000-7f6bf8000000 ---p 00000000 00:00 0 
7f6bf8000000-7f6bf8021000 rw-p 00000000 00:00 0 
7f6bf8021000-7f6bfc000000 ---p 00000000 00:00 0 
7f6bfc000000-7f6bfc021000 rw-p 00000000 00:00 0 
7f6bfc021000-7f6c00000000 ---p 00000000 00:00 0 
7f6c00000000-7f6c0002c000 rw-p 00000000 00:00 0 
7f6c0002c000-7f6c04000000 ---p 00000000 00:00 0 
7f6c04000000-7f6c04021000 rw-p 00000000 00:00 0 
7f6c04021000-7f6c08000000 ---p 00000000 00:00 0 
7f6c08000000-7f6c08021000 rw-p 00000000 00:00 0 
7f6c08021000-7f6c0c000000 ---p 00000000 00:00 0 
7f6c0c000000-7f6c0c027000 rw-p 00000000 00:00 0 
7f6c0c027000-7f6c10000000 ---p 00000000 00:00 0 
7f6c10000000-7f6c1002b000 rw-p 00000000 00:00 0 
7f6c1002b000-7f6c14000000 ---p 00000000 00:00 0 
7f6c14000000-7f6c14021000 rw-p 00000000 00:00 0 
7f6c14021000-7f6c18000000 ---p 00000000 00:00 0 
7f6c18000000-7f6c18021000 rw-p 00000000 00:00 0 
7f6c18021000-7f6c1c000000 ---p 00000000 00:00 0 
7f6c1c000000-7f6c1c11a000 rw-p 00000000 00:00 0 
7f6c1c11a000-7f6c20000000 ---p 00000000 00:00 0 
7f6c20000000-7f6c20021000 rw-p 00000000 00:00 0 
7f6c20021000-7f6c24000000 ---p 00000000 00:00 0 
7f6c24000000-7f6c24021000 rw-p 00000000 00:00 0 
7f6c24021000-7f6c28000000 ---p 00000000 00:00 0 
7f6c28000000-7f6c28162000 rw-p 00000000 00:00 0 
7f6c28162000-7f6c2c000000 ---p 00000000 00:00 0 
7f6c2c000000-7f6c2c7a9000 rw-p 00000000 00:00 0 
7f6c2c7a9000-7f6c30000000 ---p 00000000 00:00 0 
7f6c30000000-7f6c30021000 rw-p 00000000 00:00 0 
7f6c30021000-7f6c34000000 ---p 00000000 00:00 0 
7f6c34000000-7f6c34021000 rw-p 00000000 00:00 0 
7f6c34021000-7f6c38000000 ---p 00000000 00:00 0 
7f6c38000000-7f6c39aa4000 rw-p 00000000 00:00 0 
7f6c39aa4000-7f6c3c000000 ---p 00000000 00:00 0 
7f6c3c000000-7f6c3c021000 rw-p 00000000 00:00 0 
7f6c3c021000-7f6c40000000 ---p 00000000 00:00 0 
7f6c40000000-7f6c40021000 rw-p 00000000 00:00 0 
7f6c40021000-7f6c44000000 ---p 00000000 00:00 0 
7f6c44000000-7f6c440bf000 rw-p 00000000 00:00 0 
7f6c440bf000-7f6c48000000 ---p 00000000 00:00 0 
7f6c48000000-7f6c48021000 rw-p 00000000 00:00 0 
7f6c48021000-7f6c4c000000 ---p 00000000 00:00 0 
7f6c4c004000-7f6c4c008000 ---p 00000000 00:00 0 
7f6c4c008000-7f6c4c105000 rw-p 00000000 00:00 0 
7f6c4c105000-7f6c4c109000 ---p 00000000 00:00 0 
7f6c4c109000-7f6c4c406000 rw-p 00000000 00:00 0 
7f6c4c406000-7f6c4c40a000 ---p 00000000 00:00 0 
7f6c4c40a000-7f6c4c507000 rw-p 00000000 00:00 0 
7f6c4c507000-7f6c4c50b000 ---p 00000000 00:00 0 
7f6c4c50b000-7f6c4c608000 rw-p 00000000 00:00 0 
7f6c4c608000-7f6c4c60c000 ---p 00000000 00:00 0 
7f6c4c60c000-7f6c4c709000 rw-p 00000000 00:00 0 
7f6c4c709000-7f6c4c70d000 ---p 00000000 00:00 0 
7f6c4c70d000-7f6c4c80a000 rw-p 00000000 00:00 0 
7f6c4c80a000-7f6c4c80e000 ---p 00000000 00:00 0 
7f6c4c80e000-7f6c4c90b000 rw-p 00000000 00:00 0 
7f6c4c90b000-7f6c4c90f000 ---p 00000000 00:00 0 
7f6c4c90f000-7f6c4ca0c000 rw-p 00000000 00:00 0 
7f6c4ca0c000-7f6c4ca10000 ---p 00000000 00:00 0 
7f6c4ca10000-7f6c4cb0d000 rw-p 00000000 00:00 0 
7f6c4cb0d000-7f6c4cb11000 ---p 00000000 00:00 0 
7f6c4cb11000-7f6c4cc0e000 rw-p 00000000 00:00 0 
7f6c4cc0e000-7f6c4cc12000 ---p 00000000 00:00 0 
7f6c4cc12000-7f6c4cf0f000 rw-p 00000000 00:00 0 
7f6c4cf0f000-7f6c4cf13000 ---p 00000000 00:00 0 
7f6c4cf13000-7f6c4d210000 rw-p 00000000 00:00 0 
7f6c4d210000-7f6c4d214000 ---p 00000000 00:00 0 
7f6c4d214000-7f6c4d311000 rw-p 00000000 00:00 0 
7f6c4d311000-7f6c4d315000 ---p 00000000 00:00 0 
7f6c4d315000-7f6c4d412000 rw-p 00000000 00:00 0 
7f6c4d412000-7f6c4d416000 ---p 00000000 00:00 0 
7f6c4d416000-7f6c4d713000 rw-p 00000000 00:00 0 
7f6c4d713000-7f6c4d913000 rw-p 00000000 00:00 0 
7f6c4d913000-7f6c4db13000 rw-p 00000000 00:00 0 
7f6c4db13000-7f6c4db17000 ---p 00000000 00:00 0 
7f6c4db17000-7f6c4dc14000 rw-p 00000000 00:00 0 
7f6c4dc14000-7f6c4dc17000 r-xp 00000000 08:02 2233240                    /lib/x86_64-linux-gnu/libnss_mdns4_minimal.so.2
7f6c4dc17000-7f6c4de16000 ---p 00003000 08:02 2233240                    /lib/x86_64-linux-gnu/libnss_mdns4_minimal.so.2
7f6c4de16000-7f6c4de17000 r--p 00002000 08:02 2233240                    /lib/x86_64-linux-gnu/libnss_mdns4_minimal.so.2
7f6c4de17000-7f6c4de18000 rw-p 00003000 08:02 2233240                    /lib/x86_64-linux-gnu/libnss_mdns4_minimal.so.2
7f6c4de18000-7f6c4e018000 rw-p 00000000 00:00 0 
7f6c4e018000-7f6c4e019000 ---p 00000000 00:00 0 
7f6c4e019000-7f6c4e11a000 rw-p 00000000 00:00 0 
7f6c4e11a000-7f6c4e11b000 ---p 00000000 00:00 0 
7f6c4e11b000-7f6c4e21c000 rw-p 00000000 00:00 0 
7f6c4e21c000-7f6c4e21d000 ---p 00000000 00:00 0 
7f6c4e21d000-7f6c4e31e000 rw-p 00000000 00:00 0 
7f6c4e31e000-7f6c4e322000 ---p 00000000 00:00 0 
7f6c4e322000-7f6c4e41f000 rw-p 00000000 00:00 0 
7f6c4e41f000-7f6c4e423000 ---p 00000000 00:00 0 
7f6c4e423000-7f6c4e520000 rw-p 00000000 00:00 0 
7f6c4e520000-7f6c4e524000 ---p 00000000 00:00 0 
7f6c4e524000-7f6c4e621000 rw-p 00000000 00:00 0 
7f6c4e621000-7f6c4e625000 ---p 00000000 00:00 0 
7f6c4e625000-7f6c4e722000 rw-p 00000000 00:00 0 
7f6c4e722000-7f6c4e726000 ---p 00000000 00:00 0 
7f6c4e726000-7f6c4e823000 rw-p 00000000 00:00 0 
7f6c4e823000-7f6c4e827000 ---p 00000000 00:00 0 
7f6c4e827000-7f6c4e924000 rw-p 00000000 00:00 0 
7f6c4e924000-7f6c4e928000 ---p 00000000 00:00 0 
7f6c4e928000-7f6c4ea25000 rw-p 00000000 00:00 0 
7f6c4ea25000-7f6c4f800000 r--p 00000000 08:02 5773930                    /usr/lib/locale/locale-archive
7f6c4f800000-7f6c50000000 rw-p 00000000 00:00 0 
7f6c50000000-7f6c5015e000 rw-p 00000000 00:00 0 
7f6c5015e000-7f6c54000000 ---p 00000000 00:00 0 
7f6c54000000-7f6c54046000 rw-p 00000000 00:00 0 
7f6c54046000-7f6c58000000 ---p 00000000 00:00 0 
7f6c58000000-7f6c58021000 rw-p 00000000 00:00 0 
7f6c58021000-7f6c5c000000 ---p 00000000 00:00 0 
7f6c5c006000-7f6c5c00a000 r--p 00000000 08:02 5903919                    /usr/lib/jvm/java-11-openjdk-amd64/lib/libnet.so
7f6c5c00a000-7f6c5c019000 r-xp 00004000 08:02 5903919                    /usr/lib/jvm/java-11-openjdk-amd64/lib/libnet.so
7f6c5c019000-7f6c5c01d000 r--p 00013000 08:02 5903919                    /usr/lib/jvm/java-11-openjdk-amd64/lib/libnet.so
7f6c5c01d000-7f6c5c01e000 r--p 00016000 08:02 5903919                    /usr/lib/jvm/java-11-openjdk-amd64/lib/libnet.so
7f6c5c01e000-7f6c5c01f000 rw-p 00017000 08:02 5903919                    /usr/lib/jvm/java-11-openjdk-amd64/lib/libnet.so
7f6c5c01f000-7f6c5c023000 ---p 00000000 00:00 0 
7f6c5c023000-7f6c5e310000 rw-p 00000000 00:00 0 
7f6c5e310000-7f6c5fff8000 ---p 00000000 00:00 0 
7f6c5fff8000-7f6c60000000 rw-p 00000000 00:00 0 
7f6c60000000-7f6c60021000 rw-p 00000000 00:00 0 
7f6c60021000-7f6c64000000 ---p 00000000 00:00 0 
7f6c64010000-7f6c64017000 r--p 00000000 08:02 5903920                    /usr/lib/jvm/java-11-openjdk-amd64/lib/libnio.so
7f6c64017000-7f6c6401e000 r-xp 00007000 08:02 5903920                    /usr/lib/jvm/java-11-openjdk-amd64/lib/libnio.so
7f6c6401e000-7f6c64021000 r--p 0000e000 08:02 5903920                    /usr/lib/jvm/java-11-openjdk-amd64/lib/libnio.so
7f6c64021000-7f6c64022000 r--p 00010000 08:02 5903920                    /usr/lib/jvm/java-11-openjdk-amd64/lib/libnio.so
7f6c64022000-7f6c64023000 rw-p 00011000 08:02 5903920                    /usr/lib/jvm/java-11-openjdk-amd64/lib/libnio.so
7f6c6403a000-7f6c6403e000 ---p 00000000 00:00 0 
7f6c6403e000-7f6c6405c000 rw-p 00000000 00:00 0 
7f6c6405c000-7f6c6405d000 r--p 00000000 08:02 2233232                    /lib/x86_64-linux-gnu/libnss_dns-2.28.so
7f6c6405d000-7f6c64061000 r-xp 00001000 08:02 2233232                    /lib/x86_64-linux-gnu/libnss_dns-2.28.so
7f6c64061000-7f6c64062000 r--p 00005000 08:02 2233232                    /lib/x86_64-linux-gnu/libnss_dns-2.28.so
7f6c64062000-7f6c64063000 r--p 00005000 08:02 2233232                    /lib/x86_64-linux-gnu/libnss_dns-2.28.so
7f6c64063000-7f6c64064000 rw-p 00006000 08:02 2233232                    /lib/x86_64-linux-gnu/libnss_dns-2.28.so
7f6c64064000-7f6c64068000 r--p 00000000 08:02 2233282                    /lib/x86_64-linux-gnu/libresolv-2.28.so
7f6c64068000-7f6c64077000 r-xp 00004000 08:02 2233282                    /lib/x86_64-linux-gnu/libresolv-2.28.so
7f6c64077000-7f6c6407b000 r--p 00013000 08:02 2233282                    /lib/x86_64-linux-gnu/libresolv-2.28.so
7f6c6407b000-7f6c6407c000 r--p 00016000 08:02 2233282                    /lib/x86_64-linux-gnu/libresolv-2.28.so
7f6c6407c000-7f6c6407d000 rw-p 00017000 08:02 2233282                    /lib/x86_64-linux-gnu/libresolv-2.28.so
7f6c6407d000-7f6c6407f000 rw-p 00000000 00:00 0 
7f6c64088000-7f6c6408a000 r--p 00000000 08:02 5903917                    /usr/lib/jvm/java-11-openjdk-amd64/lib/libmanagement_ext.so
7f6c6408a000-7f6c6408c000 r-xp 00002000 08:02 5903917                    /usr/lib/jvm/java-11-openjdk-amd64/lib/libmanagement_ext.so
7f6c6408c000-7f6c6408d000 r--p 00004000 08:02 5903917                    /usr/lib/jvm/java-11-openjdk-amd64/lib/libmanagement_ext.so
7f6c6408d000-7f6c6408e000 ---p 00005000 08:02 5903917                    /usr/lib/jvm/java-11-openjdk-amd64/lib/libmanagement_ext.so
7f6c6408e000-7f6c6408f000 r--p 00005000 08:02 5903917                    /usr/lib/jvm/java-11-openjdk-amd64/lib/libmanagement_ext.so
7f6c6408f000-7f6c64090000 rw-p 00006000 08:02 5903917                    /usr/lib/jvm/java-11-openjdk-amd64/lib/libmanagement_ext.so
7f6c64090000-7f6c64093000 r--p 00000000 08:02 5903915                    /usr/lib/jvm/java-11-openjdk-amd64/lib/libmanagement.so
7f6c64093000-7f6c64094000 r-xp 00003000 08:02 5903915                    /usr/lib/jvm/java-11-openjdk-amd64/lib/libmanagement.so
7f6c64094000-7f6c64095000 r--p 00004000 08:02 5903915                    /usr/lib/jvm/java-11-openjdk-amd64/lib/libmanagement.so
7f6c64095000-7f6c64096000 r--p 00004000 08:02 5903915                    /usr/lib/jvm/java-11-openjdk-amd64/lib/libmanagement.so
7f6c64096000-7f6c64097000 rw-p 00005000 08:02 5903915                    /usr/lib/jvm/java-11-openjdk-amd64/lib/libmanagement.so
7f6c64097000-7f6c6409b000 ---p 00000000 00:00 0 
7f6c6409b000-7f6c64198000 rw-p 00000000 00:00 0 
7f6c64198000-7f6c6419c000 ---p 00000000 00:00 0 
7f6c6419c000-7f6c64299000 rw-p 00000000 00:00 0 
7f6c64299000-7f6c6429a000 ---p 00000000 00:00 0 
7f6c6429a000-7f6c64477000 rw-p 00000000 00:00 0 
7f6c64477000-7f6c64478000 ---p 00000000 00:00 0 
7f6c64478000-7f6c64579000 rw-p 00000000 00:00 0 
7f6c64579000-7f6c6457a000 ---p 00000000 00:00 0 
7f6c6457a000-7f6c6497e000 rw-p 00000000 00:00 0 
7f6c6497e000-7f6c64bee000 rwxp 00000000 00:00 0 
7f6c64bee000-7f6c64f0e000 ---p 00000000 00:00 0 
7f6c64f0e000-7f6c658ee000 rwxp 00000000 00:00 0 
7f6c658ee000-7f6c6c446000 ---p 00000000 00:00 0 
7f6c6c446000-7f6c6c6b6000 rwxp 00000000 00:00 0 
7f6c6c6b6000-7f6c7397e000 ---p 00000000 00:00 0 
7f6c7397e000-7f6c7c000000 r--s 00000000 08:02 5903929                    /usr/lib/jvm/java-11-openjdk-amd64/lib/modules
7f6c7c000000-7f6c7eb11000 rw-p 00000000 00:00 0 
7f6c7eb11000-7f6c80000000 ---p 00000000 00:00 0 
7f6c80000000-7f6c80001000 r--p 00000000 08:02 5903906                    /usr/lib/jvm/java-11-openjdk-amd64/lib/libjaas.so
7f6c80001000-7f6c80002000 r-xp 00001000 08:02 5903906                    /usr/lib/jvm/java-11-openjdk-amd64/lib/libjaas.so
7f6c80002000-7f6c80003000 r--p 00002000 08:02 5903906                    /usr/lib/jvm/java-11-openjdk-amd64/lib/libjaas.so
7f6c80003000-7f6c80004000 r--p 00002000 08:02 5903906                    /usr/lib/jvm/java-11-openjdk-amd64/lib/libjaas.so
7f6c80004000-7f6c80005000 rw-p 00003000 08:02 5903906                    /usr/lib/jvm/java-11-openjdk-amd64/lib/libjaas.so
7f6c80005000-7f6c80106000 rw-p 00000000 00:00 0 
7f6c80106000-7f6c80107000 ---p 00000000 00:00 0 
7f6c80107000-7f6c80208000 rw-p 00000000 00:00 0 
7f6c80208000-7f6c80209000 ---p 00000000 00:00 0 
7f6c80209000-7f6c8053c000 rw-p 00000000 00:00 0 
7f6c8053c000-7f6c82224000 ---p 00000000 00:00 0 
7f6c82224000-7f6c8226a000 rw-p 00000000 00:00 0 
7f6c8226a000-7f6c82607000 ---p 00000000 00:00 0 
7f6c82607000-7f6c82646000 rw-p 00000000 00:00 0 
7f6c82646000-7f6c829e3000 ---p 00000000 00:00 0 
7f6c829e3000-7f6c82a22000 rw-p 00000000 00:00 0 
7f6c82a22000-7f6c82dbf000 ---p 00000000 00:00 0 
7f6c82dbf000-7f6c831c4000 rw-p 00000000 00:00 0 
7f6c831c4000-7f6c831c5000 ---p 00000000 00:00 0 
7f6c831c5000-7f6c832cb000 rw-p 00000000 00:00 0 
7f6c832cb000-7f6c833b1000 ---p 00000000 00:00 0 
7f6c833b1000-7f6c833c5000 rw-p 00000000 00:00 0 
7f6c833c5000-7f6c8349c000 ---p 00000000 00:00 0 
7f6c8349c000-7f6c834a1000 rw-p 00000000 00:00 0 
7f6c834a1000-7f6c834a8000 ---p 00000000 00:00 0 
7f6c834a8000-7f6c834aa000 r--p 00000000 08:02 5903911                    /usr/lib/jvm/java-11-openjdk-amd64/lib/libjimage.so
7f6c834aa000-7f6c834ad000 r-xp 00002000 08:02 5903911                    /usr/lib/jvm/java-11-openjdk-amd64/lib/libjimage.so
7f6c834ad000-7f6c834af000 r--p 00005000 08:02 5903911                    /usr/lib/jvm/java-11-openjdk-amd64/lib/libjimage.so
7f6c834af000-7f6c834b0000 r--p 00006000 08:02 5903911                    /usr/lib/jvm/java-11-openjdk-amd64/lib/libjimage.so
7f6c834b0000-7f6c834b1000 rw-p 00007000 08:02 5903911                    /usr/lib/jvm/java-11-openjdk-amd64/lib/libjimage.so
7f6c834b1000-7f6c834b4000 r--p 00000000 08:02 2233234                    /lib/x86_64-linux-gnu/libnss_files-2.28.so
7f6c834b4000-7f6c834bb000 r-xp 00003000 08:02 2233234                    /lib/x86_64-linux-gnu/libnss_files-2.28.so
7f6c834bb000-7f6c834be000 r--p 0000a000 08:02 2233234                    /lib/x86_64-linux-gnu/libnss_files-2.28.so
7f6c834be000-7f6c834bf000 r--p 0000c000 08:02 2233234                    /lib/x86_64-linux-gnu/libnss_files-2.28.so
7f6c834bf000-7f6c834c0000 rw-p 0000d000 08:02 2233234                    /lib/x86_64-linux-gnu/libnss_files-2.28.so
7f6c834c0000-7f6c834c6000 rw-p 00000000 00:00 0 
7f6c834c7000-7f6c834c8000 r--p 00000000 08:02 5903900                    /usr/lib/jvm/java-11-openjdk-amd64/lib/libextnet.so
7f6c834c8000-7f6c834c9000 r-xp 00001000 08:02 5903900                    /usr/lib/jvm/java-11-openjdk-amd64/lib/libextnet.so
7f6c834c9000-7f6c834ca000 r--p 00002000 08:02 5903900                    /usr/lib/jvm/java-11-openjdk-amd64/lib/libextnet.so
7f6c834ca000-7f6c834cb000 r--p 00002000 08:02 5903900                    /usr/lib/jvm/java-11-openjdk-amd64/lib/libextnet.so
7f6c834cb000-7f6c834cc000 rw-p 00003000 08:02 5903900                    /usr/lib/jvm/java-11-openjdk-amd64/lib/libextnet.so
7f6c834cc000-7f6c834ce000 r--p 00000000 08:02 5903928                    /usr/lib/jvm/java-11-openjdk-amd64/lib/libzip.so
7f6c834ce000-7f6c834d2000 r-xp 00002000 08:02 5903928                    /usr/lib/jvm/java-11-openjdk-amd64/lib/libzip.so
7f6c834d2000-7f6c834d4000 r--p 00006000 08:02 5903928                    /usr/lib/jvm/java-11-openjdk-amd64/lib/libzip.so
7f6c834d4000-7f6c834d5000 r--p 00007000 08:02 5903928                    /usr/lib/jvm/java-11-openjdk-amd64/lib/libzip.so
7f6c834d5000-7f6c834d6000 rw-p 00008000 08:02 5903928                    /usr/lib/jvm/java-11-openjdk-amd64/lib/libzip.so
7f6c834d6000-7f6c834de000 rw-s 00000000 08:02 2641495                    /tmp/hsperfdata_admin1/17124
7f6c834de000-7f6c834e0000 r--p 00000000 08:02 5903902                    /usr/lib/jvm/java-11-openjdk-amd64/lib/libinstrument.so
7f6c834e0000-7f6c834e6000 r-xp 00002000 08:02 5903902                    /usr/lib/jvm/java-11-openjdk-amd64/lib/libinstrument.so
7f6c834e6000-7f6c834e9000 r--p 00008000 08:02 5903902                    /usr/lib/jvm/java-11-openjdk-amd64/lib/libinstrument.so
7f6c834e9000-7f6c834ea000 r--p 0000a000 08:02 5903902                    /usr/lib/jvm/java-11-openjdk-amd64/lib/libinstrument.so
7f6c834ea000-7f6c834eb000 rw-p 0000b000 08:02 5903902                    /usr/lib/jvm/java-11-openjdk-amd64/lib/libinstrument.so
7f6c834eb000-7f6c834f8000 r--p 00000000 08:02 5903907                    /usr/lib/jvm/java-11-openjdk-amd64/lib/libjava.so
7f6c834f8000-7f6c8350d000 r-xp 0000d000 08:02 5903907                    /usr/lib/jvm/java-11-openjdk-amd64/lib/libjava.so
7f6c8350d000-7f6c83514000 r--p 00022000 08:02 5903907                    /usr/lib/jvm/java-11-openjdk-amd64/lib/libjava.so
7f6c83514000-7f6c83515000 r--p 00028000 08:02 5903907                    /usr/lib/jvm/java-11-openjdk-amd64/lib/libjava.so
7f6c83515000-7f6c83517000 rw-p 00029000 08:02 5903907                    /usr/lib/jvm/java-11-openjdk-amd64/lib/libjava.so
7f6c83517000-7f6c83519000 r--p 00000000 08:02 2233284                    /lib/x86_64-linux-gnu/librt-2.28.so
7f6c83519000-7f6c8351d000 r-xp 00002000 08:02 2233284                    /lib/x86_64-linux-gnu/librt-2.28.so
7f6c8351d000-7f6c8351f000 r--p 00006000 08:02 2233284                    /lib/x86_64-linux-gnu/librt-2.28.so
7f6c8351f000-7f6c83520000 r--p 00007000 08:02 2233284                    /lib/x86_64-linux-gnu/librt-2.28.so
7f6c83520000-7f6c83521000 rw-p 00008000 08:02 2233284                    /lib/x86_64-linux-gnu/librt-2.28.so
7f6c83521000-7f6c83525000 ---p 00000000 00:00 0 
7f6c83525000-7f6c83622000 rw-p 00000000 00:00 0 
7f6c83622000-7f6c83625000 r--p 00000000 08:02 2228431                    /lib/x86_64-linux-gnu/libgcc_s.so.1
7f6c83625000-7f6c83636000 r-xp 00003000 08:02 2228431                    /lib/x86_64-linux-gnu/libgcc_s.so.1
7f6c83636000-7f6c83639000 r--p 00014000 08:02 2228431                    /lib/x86_64-linux-gnu/libgcc_s.so.1
7f6c83639000-7f6c8363a000 ---p 00017000 08:02 2228431                    /lib/x86_64-linux-gnu/libgcc_s.so.1
7f6c8363a000-7f6c8363b000 r--p 00017000 08:02 2228431                    /lib/x86_64-linux-gnu/libgcc_s.so.1
7f6c8363b000-7f6c8363c000 rw-p 00018000 08:02 2228431                    /lib/x86_64-linux-gnu/libgcc_s.so.1
7f6c8363c000-7f6c83649000 r--p 00000000 08:02 2233207                    /lib/x86_64-linux-gnu/libm-2.28.so
7f6c83649000-7f6c836f4000 r-xp 0000d000 08:02 2233207                    /lib/x86_64-linux-gnu/libm-2.28.so
7f6c836f4000-7f6c837c7000 r--p 000b8000 08:02 2233207                    /lib/x86_64-linux-gnu/libm-2.28.so
7f6c837c7000-7f6c837c8000 r--p 0018a000 08:02 2233207                    /lib/x86_64-linux-gnu/libm-2.28.so
7f6c837c8000-7f6c837c9000 rw-p 0018b000 08:02 2233207                    /lib/x86_64-linux-gnu/libm-2.28.so
7f6c837c9000-7f6c83853000 r--p 00000000 08:02 5767768                    /usr/lib/x86_64-linux-gnu/libstdc++.so.6.0.25
7f6c83853000-7f6c83906000 r-xp 0008a000 08:02 5767768                    /usr/lib/x86_64-linux-gnu/libstdc++.so.6.0.25
7f6c83906000-7f6c83943000 r--p 0013d000 08:02 5767768                    /usr/lib/x86_64-linux-gnu/libstdc++.so.6.0.25
7f6c83943000-7f6c83944000 ---p 0017a000 08:02 5767768                    /usr/lib/x86_64-linux-gnu/libstdc++.so.6.0.25
7f6c83944000-7f6c8394e000 r--p 0017a000 08:02 5767768                    /usr/lib/x86_64-linux-gnu/libstdc++.so.6.0.25
7f6c8394e000-7f6c83950000 rw-p 00184000 08:02 5767768                    /usr/lib/x86_64-linux-gnu/libstdc++.so.6.0.25
7f6c83950000-7f6c83954000 rw-p 00000000 00:00 0 
7f6c83954000-7f6c83bc2000 r--p 00000000 08:02 6426823                    /usr/lib/jvm/java-11-openjdk-amd64/lib/server/libjvm.so
7f6c83bc2000-7f6c846de000 r-xp 0026e000 08:02 6426823                    /usr/lib/jvm/java-11-openjdk-amd64/lib/server/libjvm.so
7f6c846de000-7f6c84917000 r--p 00d8a000 08:02 6426823                    /usr/lib/jvm/java-11-openjdk-amd64/lib/server/libjvm.so
7f6c84917000-7f6c849d4000 r--p 00fc2000 08:02 6426823                    /usr/lib/jvm/java-11-openjdk-amd64/lib/server/libjvm.so
7f6c849d4000-7f6c84a0d000 rw-p 0107f000 08:02 6426823                    /usr/lib/jvm/java-11-openjdk-amd64/lib/server/libjvm.so
7f6c84a0d000-7f6c84a65000 rw-p 00000000 00:00 0 
7f6c84a65000-7f6c84a6b000 r--p 00000000 08:02 2233276                    /lib/x86_64-linux-gnu/libpthread-2.28.so
7f6c84a6b000-7f6c84a7a000 r-xp 00006000 08:02 2233276                    /lib/x86_64-linux-gnu/libpthread-2.28.so
7f6c84a7a000-7f6c84a80000 r--p 00015000 08:02 2233276                    /lib/x86_64-linux-gnu/libpthread-2.28.so
7f6c84a80000-7f6c84a81000 r--p 0001a000 08:02 2233276                    /lib/x86_64-linux-gnu/libpthread-2.28.so
7f6c84a81000-7f6c84a82000 rw-p 0001b000 08:02 2233276                    /lib/x86_64-linux-gnu/libpthread-2.28.so
7f6c84a82000-7f6c84a86000 rw-p 00000000 00:00 0 
7f6c84a86000-7f6c84a87000 r--p 00000000 08:02 2233167                    /lib/x86_64-linux-gnu/libdl-2.28.so
7f6c84a87000-7f6c84a89000 r-xp 00001000 08:02 2233167                    /lib/x86_64-linux-gnu/libdl-2.28.so
7f6c84a89000-7f6c84a8a000 r--p 00003000 08:02 2233167                    /lib/x86_64-linux-gnu/libdl-2.28.so
7f6c84a8a000-7f6c84a8b000 r--p 00003000 08:02 2233167                    /lib/x86_64-linux-gnu/libdl-2.28.so
7f6c84a8b000-7f6c84a8c000 rw-p 00004000 08:02 2233167                    /lib/x86_64-linux-gnu/libdl-2.28.so
7f6c84a8c000-7f6c84aa8000 r-xp 00000000 08:02 2233315                    /lib/x86_64-linux-gnu/libz.so.1.2.11
7f6c84aa8000-7f6c84ca7000 ---p 0001c000 08:02 2233315                    /lib/x86_64-linux-gnu/libz.so.1.2.11
7f6c84ca7000-7f6c84ca8000 r--p 0001b000 08:02 2233315                    /lib/x86_64-linux-gnu/libz.so.1.2.11
7f6c84ca8000-7f6c84ca9000 rw-p 0001c000 08:02 2233315                    /lib/x86_64-linux-gnu/libz.so.1.2.11
7f6c84ca9000-7f6c84ccb000 r--p 00000000 08:02 2233146                    /lib/x86_64-linux-gnu/libc-2.28.so
7f6c84ccb000-7f6c84e3c000 r-xp 00022000 08:02 2233146                    /lib/x86_64-linux-gnu/libc-2.28.so
7f6c84e3c000-7f6c84e88000 r--p 00193000 08:02 2233146                    /lib/x86_64-linux-gnu/libc-2.28.so
7f6c84e88000-7f6c84e89000 ---p 001df000 08:02 2233146                    /lib/x86_64-linux-gnu/libc-2.28.so
7f6c84e89000-7f6c84e8d000 r--p 001df000 08:02 2233146                    /lib/x86_64-linux-gnu/libc-2.28.so
7f6c84e8d000-7f6c84e8f000 rw-p 001e3000 08:02 2233146                    /lib/x86_64-linux-gnu/libc-2.28.so
7f6c84e8f000-7f6c84e93000 rw-p 00000000 00:00 0 
7f6c84e96000-7f6c84e98000 r--s 00007000 08:02 6167915                    /usr/share/java/java-atk-wrapper.jar
7f6c84e98000-7f6c84e99000 ---p 00000000 00:00 0 
7f6c84e99000-7f6c84e9a000 r--p 00000000 00:00 0 
7f6c84e9a000-7f6c84e9f000 r--p 00000000 08:02 5903927                    /usr/lib/jvm/java-11-openjdk-amd64/lib/libverify.so
7f6c84e9f000-7f6c84ea6000 r-xp 00005000 08:02 5903927                    /usr/lib/jvm/java-11-openjdk-amd64/lib/libverify.so
7f6c84ea6000-7f6c84ea8000 r--p 0000c000 08:02 5903927                    /usr/lib/jvm/java-11-openjdk-amd64/lib/libverify.so
7f6c84ea8000-7f6c84eaa000 r--p 0000d000 08:02 5903927                    /usr/lib/jvm/java-11-openjdk-amd64/lib/libverify.so
7f6c84eaa000-7f6c84eab000 rw-p 0000f000 08:02 5903927                    /usr/lib/jvm/java-11-openjdk-amd64/lib/libverify.so
7f6c84eab000-7f6c84eae000 r--p 00000000 08:02 6167893                    /usr/lib/jvm/java-11-openjdk-amd64/lib/jli/libjli.so
7f6c84eae000-7f6c84eb8000 r-xp 00003000 08:02 6167893                    /usr/lib/jvm/java-11-openjdk-amd64/lib/jli/libjli.so
7f6c84eb8000-7f6c84ebb000 r--p 0000d000 08:02 6167893                    /usr/lib/jvm/java-11-openjdk-amd64/lib/jli/libjli.so
7f6c84ebb000-7f6c84ebc000 r--p 0000f000 08:02 6167893                    /usr/lib/jvm/java-11-openjdk-amd64/lib/jli/libjli.so
7f6c84ebc000-7f6c84ebd000 rw-p 00010000 08:02 6167893                    /usr/lib/jvm/java-11-openjdk-amd64/lib/jli/libjli.so
7f6c84ebd000-7f6c84ebf000 rw-p 00000000 00:00 0 
7f6c84ebf000-7f6c84ec0000 r--p 00000000 08:02 2233120                    /lib/x86_64-linux-gnu/ld-2.28.so
7f6c84ec0000-7f6c84ee0000 r-xp 00001000 08:02 2233120                    /lib/x86_64-linux-gnu/ld-2.28.so
7f6c84ee0000-7f6c84ee8000 r--p 00021000 08:02 2233120                    /lib/x86_64-linux-gnu/ld-2.28.so
7f6c84ee8000-7f6c84ee9000 r--p 00028000 08:02 2233120                    /lib/x86_64-linux-gnu/ld-2.28.so
7f6c84ee9000-7f6c84eea000 rw-p 00029000 08:02 2233120                    /lib/x86_64-linux-gnu/ld-2.28.so
7f6c84eea000-7f6c84eeb000 rw-p 00000000 00:00 0 
7fff4a60d000-7fff4a633000 rw-p 00000000 00:00 0                          [stack]
7fff4a6c2000-7fff4a6c5000 r--p 00000000 00:00 0                          [vvar]
7fff4a6c5000-7fff4a6c7000 r-xp 00000000 00:00 0                          [vdso]
ffffffffff600000-ffffffffff601000 r-xp 00000000 00:00 0                  [vsyscall]


VM Arguments:
jvm_args: -javaagent:/opt/idea/lib/idea_rt.jar=34879:/opt/idea/bin -Dfile.encoding=UTF-8 
java_command: Consumer
java_class_path (initial): /home/admin1/IdeaProjects/kafkaexecute/target/scala-2.12/classes:/home/admin1/.ivy2/cache/aopalliance/aopalliance/jars/aopalliance-1.0.jar:/home/admin1/.ivy2/cache/org.apache.spark/spark-sql-kafka-0-10_2.12/jars/spark-sql-kafka-0-10_2.12-2.4.3.jar:/home/admin1/.ivy2/cache/xmlenc/xmlenc/jars/xmlenc-0.52.jar:/home/admin1/.ivy2/cache/xml-apis/xml-apis/jars/xml-apis-1.3.04.jar:/home/admin1/.ivy2/cache/xerces/xercesImpl/jars/xercesImpl-2.9.1.jar:/home/admin1/.ivy2/cache/oro/oro/jars/oro-2.0.8.jar:/home/admin1/.ivy2/cache/org.xerial.snappy/snappy-java/bundles/snappy-java-1.1.7.3.jar:/home/admin1/.ivy2/cache/org.tukaani/xz/jars/xz-1.5.jar:/home/admin1/.ivy2/cache/org.spark-project.spark/unused/jars/unused-1.0.0.jar:/home/admin1/.ivy2/cache/org.sonatype.sisu.inject/cglib/jars/cglib-2.2.1-v20090111.jar:/home/admin1/.ivy2/cache/org.slf4j/slf4j-log4j12/jars/slf4j-log4j12-1.7.16.jar:/home/admin1/.ivy2/cache/org.scala-lang/scala-reflect/jars/scala-reflect-2.12.8.jar:/home/admin1/.ivy2/cache/org.scala-lang/scala-library/jars/scala-library-2.12.8.jar:/home/admin1/.ivy2/cache/org.roaringbitmap/shims/jars/shims-0.7.45.jar:/home/admin1/.ivy2/cache/org.roaringbitmap/RoaringBitmap/jars/RoaringBitmap-0.7.45.jar:/home/admin1/.ivy2/cache/org.objenesis/objenesis/jars/objenesis-2.5.1.jar:/home/admin1/.ivy2/cache/org.mortbay.jetty/jetty-util/jars/jetty-util-6.1.26.jar:/home/admin1/.ivy2/cache/org.lz4/lz4-java/jars/lz4-java-1.4.1.jar:/home/admin1/.ivy2/cache/org.json4s/json4s-scalap_2.12/jars/json4s-scalap_2.12-3.5.3.jar:/home/admin1/.ivy2/cache/org.json4s/json4s-jackson_2.12/jars/json4s-jackson_2.12-3.5.3.jar:/home/admin1/.ivy2/cache/org.json4s/json4s-core_2.12/jars/json4s-core_2.12-3.5.3.jar:/home/admin1/.ivy2/cache/org.json4s/json4s-ast_2.12/jars/json4s-ast_2.12-3.5.3.jar:/home/admin1/.ivy2/cache/org.javassist/javassist/bundles/javassist-3.18.1-GA.jar:/home/admin1/.ivy2/cache/org.htrace/htrace-core/jars/htrace-core-3.0.4.jar:/home/admin1/.ivy2/cache/org.glassfi
Launcher Type: SUN_STANDARD

[Global flags]
     intx CICompilerCount                          = 3                                         {product} {ergonomic}
     uint ConcGCThreads                            = 1                                         {product} {ergonomic}
     uint G1ConcRefinementThreads                  = 4                                         {product} {ergonomic}
   size_t G1HeapRegionSize                         = 1048576                                   {product} {ergonomic}
    uintx GCDrainStackTargetSize                   = 64                                        {product} {ergonomic}
   size_t InitialHeapSize                          = 130023424                                 {product} {ergonomic}
   size_t MarkStackSize                            = 4194304                                   {product} {ergonomic}
   size_t MaxHeapSize                              = 2071986176                                {product} {ergonomic}
   size_t MaxNewSize                               = 1242562560                                {product} {ergonomic}
   size_t MinHeapDeltaBytes                        = 1048576                                   {product} {ergonomic}
    uintx NonNMethodCodeHeapSize                   = 5830092                                {pd product} {ergonomic}
    uintx NonProfiledCodeHeapSize                  = 122914074                              {pd product} {ergonomic}
    uintx ProfiledCodeHeapSize                     = 122914074                              {pd product} {ergonomic}
    uintx ReservedCodeCacheSize                    = 251658240                              {pd product} {ergonomic}
     bool SegmentedCodeCache                       = true                                      {product} {ergonomic}
     bool UseCompressedClassPointers               = true                                 {lp64_product} {ergonomic}
     bool UseCompressedOops                        = true                                 {lp64_product} {ergonomic}
     bool UseG1GC                                  = true                                      {product} {ergonomic}

Logging:
Log output configuration:
 #0: stdout all=warning uptime,level,tags
 #1: stderr all=off uptime,level,tags

Environment Variables:
JAVA_HOME=/usr/lib/jvm/java-8-oracle
PATH=/home/admin1/Downloads/enter/bin:/home/admin1/Downloads/Enter/bin:/home/admin1/anaconda3/bin:/home/admin1/anaconda3/condabin:/home/admin1/.local/bin:/usr/local/sbin:/usr/local/bin:/usr/sbin:/usr/bin:/sbin:/bin:/usr/games:/usr/local/games:/snap/bin:/usr/lib/jvm/java-8-oracle/bin:/usr/lib/jvm/java-8-oracle/db/bin:/usr/lib/jvm/java-8-oracle/jre/bin:/usr/local/spark/bin
USERNAME=admin1
SHELL=/bin/bash
DISPLAY=:0

Signal Handlers:
SIGSEGV: [libjvm.so+0xd18a40], sa_mask[0]=11111111011111111101111111111110, sa_flags=SA_RESTART|SA_SIGINFO
SIGBUS: [libjvm.so+0xd18a40], sa_mask[0]=11111111011111111101111111111110, sa_flags=SA_RESTART|SA_SIGINFO
SIGFPE: [libjvm.so+0xd18a40], sa_mask[0]=11111111011111111101111111111110, sa_flags=SA_RESTART|SA_SIGINFO
SIGPIPE: [libjvm.so+0xb21cf0], sa_mask[0]=11111111011111111101111111111110, sa_flags=SA_RESTART|SA_SIGINFO
SIGXFSZ: [libjvm.so+0xb21cf0], sa_mask[0]=11111111011111111101111111111110, sa_flags=SA_RESTART|SA_SIGINFO
SIGILL: [libjvm.so+0xd18a40], sa_mask[0]=11111111011111111101111111111110, sa_flags=SA_RESTART|SA_SIGINFO
SIGUSR2: [libjvm.so+0xb21b80], sa_mask[0]=00100000000000000000000000000000, sa_flags=SA_RESTART|SA_SIGINFO
SIGHUP: [libjvm.so+0xb220f0], sa_mask[0]=11111111011111111101111111111110, sa_flags=SA_RESTART|SA_SIGINFO
SIGINT: [libjvm.so+0xb220f0], sa_mask[0]=11111111011111111101111111111110, sa_flags=SA_RESTART|SA_SIGINFO
SIGTERM: [libjvm.so+0xb220f0], sa_mask[0]=11111111011111111101111111111110, sa_flags=SA_RESTART|SA_SIGINFO
SIGQUIT: [libjvm.so+0xb220f0], sa_mask[0]=11111111011111111101111111111110, sa_flags=SA_RESTART|SA_SIGINFO


---------------  S Y S T E M  ---------------

OS:DISTRIB_ID=Ubuntu
DISTRIB_RELEASE=18.10
DISTRIB_CODENAME=cosmic
DISTRIB_DESCRIPTION="Ubuntu 18.10"
uname:Linux 4.18.0-25-generic #26-Ubuntu SMP Mon Jun 24 09:32:08 UTC 2019 x86_64
libc:glibc 2.28 NPTL 2.28 
rlimit: STACK 8192k, CORE 0k, NPROC 30687, NOFILE 1048576, AS infinity, DATA infinity, FSIZE infinity
load average:1.21 0.89 0.55

/proc/meminfo:
MemTotal:        8090624 kB
MemFree:          144000 kB
MemAvailable:     560944 kB
Buffers:          138904 kB
Cached:           662244 kB
SwapCached:        12412 kB
Active:          6230976 kB
Inactive:        1255636 kB
Active(anon):    5904728 kB
Inactive(anon):  1019844 kB
Active(file):     326248 kB
Inactive(file):   235792 kB
Unevictable:          48 kB
Mlocked:              48 kB
SwapTotal:       2097148 kB
SwapFree:        1849056 kB
Dirty:             22116 kB
Writeback:             0 kB
AnonPages:       6674344 kB
Mapped:           347024 kB
Shmem:            239048 kB
Slab:             278856 kB
SReclaimable:     147708 kB
SUnreclaim:       131148 kB
KernelStack:       20672 kB
PageTables:        72404 kB
NFS_Unstable:          0 kB
Bounce:                0 kB
WritebackTmp:          0 kB
CommitLimit:     6142460 kB
Committed_AS:   18307236 kB
VmallocTotal:   34359738367 kB
VmallocUsed:           0 kB
VmallocChunk:          0 kB
HardwareCorrupted:     0 kB
AnonHugePages:         0 kB
ShmemHugePages:        0 kB
ShmemPmdMapped:        0 kB
CmaTotal:              0 kB
CmaFree:               0 kB
HugePages_Total:       0
HugePages_Free:        0
HugePages_Rsvd:        0
HugePages_Surp:        0
Hugepagesize:       2048 kB
Hugetlb:               0 kB
DirectMap4k:      328596 kB
DirectMap2M:     7983104 kB
DirectMap1G:     1048576 kB


/proc/sys/kernel/threads-max (system-wide limit on the number of threads):
61374


/proc/sys/vm/max_map_count (maximum number of memory map areas a process may have):
65530


/proc/sys/kernel/pid_max (system-wide limit on number of process identifiers):
32768



container (cgroup) information:
container_type: cgroupv1
cpu_cpuset_cpus: 0-3
cpu_memory_nodes: 0
active_processor_count: 4
cpu_quota: -1
cpu_period: 100000
cpu_shares: -1
memory_limit_in_bytes: -1
memory_and_swap_limit_in_bytes: -2
memory_soft_limit_in_bytes: -1
memory_usage_in_bytes: 7282925568
memory_max_usage_in_bytes: 7368056832


CPU:total 4 (initial active 4) (4 cores per cpu, 1 threads per core) family 6 model 60 stepping 3, cmov, cx8, fxsr, mmx, sse, sse2, sse3, ssse3, sse4.1, sse4.2, popcnt, avx, avx2, aes, clmul, erms, lzcnt, tsc, tscinvbit, bmi1, bmi2, fma
CPU Model and flags from /proc/cpuinfo:
model name	: Intel(R) Core(TM) i5-4590 CPU @ 3.30GHz
flags		: fpu vme de pse tsc msr pae mce cx8 apic sep mtrr pge mca cmov pat pse36 clflush dts acpi mmx fxsr sse sse2 ss ht tm pbe syscall nx pdpe1gb rdtscp lm constant_tsc arch_perfmon pebs bts rep_good nopl xtopology nonstop_tsc cpuid aperfmperf pni pclmulqdq dtes64 monitor ds_cpl vmx smx est tm2 ssse3 sdbg fma cx16 xtpr pdcm pcid sse4_1 sse4_2 x2apic movbe popcnt tsc_deadline_timer aes xsave avx f16c rdrand lahf_lm abm cpuid_fault epb invpcid_single pti ssbd ibrs ibpb stibp tpr_shadow vnmi flexpriority ept vpid fsgsbase tsc_adjust bmi1 avx2 smep bmi2 erms invpcid xsaveopt dtherm ida arat pln pts md_clear flush_l1d

Memory: 4k page, physical 8090624k(144000k free), swap 2097148k(1849056k free)

vm_info: OpenJDK 64-Bit Server VM (11.0.3+7-Ubuntu-1ubuntu218.10.1) for linux-amd64 JRE (11.0.3+7-Ubuntu-1ubuntu218.10.1), built on Apr 23 2019 18:34:35 by "buildd" with gcc 8.2.0

END.
